{"/Users/andela/Documents/GitHub/bootcamp-project/rest-api/tests/article.js":{"path":"/Users/andela/Documents/GitHub/bootcamp-project/rest-api/tests/article.js","statementMap":{"0":{"start":{"line":3,"column":12},"end":{"line":3,"column":51}},"1":{"start":{"line":5,"column":16},"end":{"line":5,"column":60}},"2":{"start":{"line":7,"column":13},"end":{"line":7,"column":56}},"3":{"start":{"line":9,"column":39},"end":{"line":9,"column":95}},"4":{"start":{"line":11,"column":0},"end":{"line":11,"column":26}},"5":{"start":{"line":13,"column":0},"end":{"line":13,"column":43}},"6":{"start":{"line":15,"column":0},"end":{"line":24,"column":3}},"7":{"start":{"line":16,"column":2},"end":{"line":23,"column":5}},"8":{"start":{"line":17,"column":4},"end":{"line":22,"column":7}},"9":{"start":{"line":18,"column":6},"end":{"line":18,"column":34}},"10":{"start":{"line":19,"column":6},"end":{"line":19,"column":45}},"11":{"start":{"line":21,"column":6},"end":{"line":21,"column":25}}},"fnMap":{"0":{"name":"_interopRequireDefault","decl":{"start":{"line":9,"column":9},"end":{"line":9,"column":31}},"loc":{"start":{"line":9,"column":37},"end":{"line":9,"column":97}},"line":9},"1":{"name":"(anonymous_1)","decl":{"start":{"line":15,"column":21},"end":{"line":15,"column":22}},"loc":{"start":{"line":15,"column":33},"end":{"line":24,"column":1}},"line":15},"2":{"name":"(anonymous_2)","decl":{"start":{"line":16,"column":32},"end":{"line":16,"column":33}},"loc":{"start":{"line":16,"column":44},"end":{"line":23,"column":3}},"line":16},"3":{"name":"(anonymous_3)","decl":{"start":{"line":17,"column":73},"end":{"line":17,"column":74}},"loc":{"start":{"line":17,"column":88},"end":{"line":20,"column":5}},"line":17},"4":{"name":"(anonymous_4)","decl":{"start":{"line":20,"column":16},"end":{"line":20,"column":17}},"loc":{"start":{"line":20,"column":33},"end":{"line":22,"column":5}},"line":20}},"branchMap":{"0":{"loc":{"start":{"line":9,"column":46},"end":{"line":9,"column":94}},"type":"cond-expr","locations":[{"start":{"line":9,"column":70},"end":{"line":9,"column":73}},{"start":{"line":9,"column":76},"end":{"line":9,"column":94}}],"line":9},"1":{"loc":{"start":{"line":9,"column":46},"end":{"line":9,"column":67}},"type":"binary-expr","locations":[{"start":{"line":9,"column":46},"end":{"line":9,"column":49}},{"start":{"line":9,"column":53},"end":{"line":9,"column":67}}],"line":9}},"s":{"0":1,"1":1,"2":1,"3":3,"4":1,"5":1,"6":1,"7":1,"8":1,"9":0,"10":0,"11":0},"f":{"0":3,"1":1,"2":1,"3":0,"4":0},"b":{"0":[1,2],"1":[3,3]},"inputSourceMap":{"version":3,"sources":["article.js"],"names":["chai","should","use","chaiHttp","describe","it","request","index","get","then","res","have","status","body","articles","be","a","error","console","log"],"mappings":";;AAAA;;AACA;;AACA;;;;AAEAA,iBAAKC,MAAL;;AACAD,iBAAKE,GAAL,CAASC,oBAAT;;AAGAC,QAAQ,CAAC,UAAD,EAAa,YAAM;AACvBC,EAAAA,EAAE,CAAC,yBAAD,EAA6B,YAAM;AACjCL,qBACCM,OADD,CACSC,iBADT,EAECC,GAFD,CAEK,cAFL,EAGCC,IAHD,CAGM,UAACC,GAAD,EAAS;AACbA,MAAAA,GAAG,CAACT,MAAJ,CAAWU,IAAX,CAAgBC,MAAhB,CAAuB,GAAvB;AACAF,MAAAA,GAAG,CAACG,IAAJ,CAASC,QAAT,CAAkBb,MAAlB,CAAyBc,EAAzB,CAA4BC,CAA5B,CAA8B,OAA9B;AACD,KAND,WAOO,UAACC,KAAD,EAAW;AACdC,MAAAA,OAAO,CAACC,GAAR,CAAYF,KAAZ;AACH,KATD;AAUH,GAXC,CAAF;AAaH,CAdO,CAAR","sourceRoot":"/Users/andela/Documents/GitHub/bootcamp-project/rest-api/tests/","sourcesContent":["import chai from 'chai';\nimport chaiHttp from 'chai-http';\nimport index from '../index';\n\nchai.should();\nchai.use(chaiHttp);\n\n\ndescribe('articles', () => {\n    it('should get all articles' , () => {\n        chai\n        .request(index)\n        .get('/api/article')\n        .then((res) => {\n          res.should.have.status(201);\n          res.body.articles.should.be.a('array');\n        })\n        .catch((error) => {\n            console.log(error)\n        });\n    });\n    \n})\n"]},"_coverageSchema":"1a1c01bbd47fc00a2c39e90264f33305004495a9","hash":"7bd51d8e6942a0d10fd7374342dc457ea720ead9","contentHash":"21f3b42aded7e376355177a407a1779d56a317dab83df59310b546ff9ae2117a"},"/Users/andela/Documents/GitHub/bootcamp-project/rest-api/index.js":{"path":"/Users/andela/Documents/GitHub/bootcamp-project/rest-api/index.js","statementMap":{"0":{"start":{"line":3,"column":0},"end":{"line":5,"column":3}},"1":{"start":{"line":6,"column":0},"end":{"line":6,"column":28}},"2":{"start":{"line":8,"column":15},"end":{"line":8,"column":57}},"3":{"start":{"line":10,"column":16},"end":{"line":10,"column":59}},"4":{"start":{"line":12,"column":14},"end":{"line":12,"column":57}},"5":{"start":{"line":14,"column":14},"end":{"line":14,"column":55}},"6":{"start":{"line":16,"column":39},"end":{"line":16,"column":95}},"7":{"start":{"line":19,"column":0},"end":{"line":19,"column":28}},"8":{"start":{"line":21,"column":10},"end":{"line":21,"column":36}},"9":{"start":{"line":23,"column":0},"end":{"line":26,"column":3}},"10":{"start":{"line":28,"column":0},"end":{"line":28,"column":36}},"11":{"start":{"line":30,"column":0},"end":{"line":30,"column":37}},"12":{"start":{"line":31,"column":0},"end":{"line":35,"column":3}},"13":{"start":{"line":32,"column":2},"end":{"line":34,"column":5}},"14":{"start":{"line":36,"column":0},"end":{"line":38,"column":3}},"15":{"start":{"line":37,"column":2},"end":{"line":37,"column":37}},"16":{"start":{"line":39,"column":15},"end":{"line":39,"column":18}},"17":{"start":{"line":40,"column":0},"end":{"line":40,"column":30}}},"fnMap":{"0":{"name":"_interopRequireDefault","decl":{"start":{"line":16,"column":9},"end":{"line":16,"column":31}},"loc":{"start":{"line":16,"column":37},"end":{"line":16,"column":97}},"line":16},"1":{"name":"(anonymous_1)","decl":{"start":{"line":31,"column":13},"end":{"line":31,"column":14}},"loc":{"start":{"line":31,"column":33},"end":{"line":35,"column":1}},"line":31},"2":{"name":"(anonymous_2)","decl":{"start":{"line":36,"column":37},"end":{"line":36,"column":38}},"loc":{"start":{"line":36,"column":49},"end":{"line":38,"column":1}},"line":36}},"branchMap":{"0":{"loc":{"start":{"line":16,"column":46},"end":{"line":16,"column":94}},"type":"cond-expr","locations":[{"start":{"line":16,"column":70},"end":{"line":16,"column":73}},{"start":{"line":16,"column":76},"end":{"line":16,"column":94}}],"line":16},"1":{"loc":{"start":{"line":16,"column":46},"end":{"line":16,"column":67}},"type":"binary-expr","locations":[{"start":{"line":16,"column":46},"end":{"line":16,"column":49}},{"start":{"line":16,"column":53},"end":{"line":16,"column":67}}],"line":16},"2":{"loc":{"start":{"line":36,"column":11},"end":{"line":36,"column":35}},"type":"binary-expr","locations":[{"start":{"line":36,"column":11},"end":{"line":36,"column":27}},{"start":{"line":36,"column":31},"end":{"line":36,"column":35}}],"line":36}},"s":{"0":1,"1":1,"2":1,"3":1,"4":1,"5":1,"6":4,"7":1,"8":1,"9":1,"10":1,"11":1,"12":1,"13":0,"14":1,"15":1,"16":1,"17":1},"f":{"0":4,"1":0,"2":1},"b":{"0":[1,3],"1":[4,4],"2":[1,0]},"inputSourceMap":{"version":3,"sources":["index.js"],"names":["ENV","config","app","mongoose","connect","process","env","MONGO_CONNECT","useNewUrlParser","useUnifiedTopology","use","express","json","routes","get","req","res","send","message","listen","PORT","console","log"],"mappings":";;;;;;;AAAA;;AACA;;AACA;;AAEA;;;;AAHgC;AAKhCA,mBAAIC,MAAJ;;AACA,IAAMC,GAAG,GAAG,0BAAZ;;AACAC,qBAASC,OAAT,CAAiBC,OAAO,CAACC,GAAR,CAAYC,aAA7B,EAA4C;AAAEC,EAAAA,eAAe,EAAE,IAAnB;AAAwBC,EAAAA,kBAAkB,EAAE;AAA5C,CAA5C;;AAEAP,GAAG,CAACQ,GAAJ,CAAQC,oBAAQC,IAAR,EAAR,E,CAAyB;;AACzBV,GAAG,CAACQ,GAAJ,CAAQ,OAAR,EAAiBG,kBAAjB;AACAX,GAAG,CAACY,GAAJ,CAAQ,GAAR,EAAa,UAACC,GAAD,EAAMC,GAAN,EAAc;AACvBA,EAAAA,GAAG,CAACC,IAAJ,CAAS;AACLC,IAAAA,OAAO,EAAE;AADJ,GAAT;AAGH,CAJD;AAMAhB,GAAG,CAACiB,MAAJ,CAAWd,OAAO,CAACC,GAAR,CAAYc,IAAZ,IAAoB,IAA/B,EAAqC,YAAM;AACvCC,EAAAA,OAAO,CAACC,GAAR,CAAY,qBAAZ;AACH,CAFD;eAGepB,G","sourceRoot":"/Users/andela/Documents/GitHub/bootcamp-project/rest-api/","sourcesContent":["import express from \"express\";\nimport mongoose from \"mongoose\";// new\nimport routes from \"./routes\";\n\nimport ENV from \"dotenv\";\n\nENV.config();\nconst app = express();\nmongoose.connect(process.env.MONGO_CONNECT, { useNewUrlParser: true,useUnifiedTopology: true });\n\napp.use(express.json()); // new\napp.use(\"/api/\", routes);\napp.get('/', (req, res) => {\n    res.send({\n        message: \"Welcome to Bootcamp project\"\n    });\n});\n\napp.listen(process.env.PORT || 5000, () => {\n    console.log(\"Server has started!\");\n});\nexport default app;"]},"_coverageSchema":"1a1c01bbd47fc00a2c39e90264f33305004495a9","hash":"1395051d11608b3bca61d38f64501aa7fb398aed","contentHash":"f0a8e320fa3361257ce93b89bb6a76afa4551a2a1dd386d5e4aa5f5610db5ca1"},"/Users/andela/Documents/GitHub/bootcamp-project/rest-api/routes/index.js":{"path":"/Users/andela/Documents/GitHub/bootcamp-project/rest-api/routes/index.js","statementMap":{"0":{"start":{"line":3,"column":0},"end":{"line":5,"column":3}},"1":{"start":{"line":6,"column":0},"end":{"line":6,"column":28}},"2":{"start":{"line":8,"column":15},"end":{"line":8,"column":57}},"3":{"start":{"line":10,"column":15},"end":{"line":10,"column":59}},"4":{"start":{"line":12,"column":15},"end":{"line":12,"column":59}},"5":{"start":{"line":14,"column":12},"end":{"line":14,"column":53}},"6":{"start":{"line":16,"column":39},"end":{"line":16,"column":95}},"7":{"start":{"line":18,"column":10},"end":{"line":18,"column":36}},"8":{"start":{"line":19,"column":0},"end":{"line":19,"column":41}},"9":{"start":{"line":20,"column":0},"end":{"line":20,"column":41}},"10":{"start":{"line":21,"column":0},"end":{"line":21,"column":35}},"11":{"start":{"line":22,"column":15},"end":{"line":22,"column":18}},"12":{"start":{"line":23,"column":0},"end":{"line":23,"column":30}}},"fnMap":{"0":{"name":"_interopRequireDefault","decl":{"start":{"line":16,"column":9},"end":{"line":16,"column":31}},"loc":{"start":{"line":16,"column":37},"end":{"line":16,"column":97}},"line":16}},"branchMap":{"0":{"loc":{"start":{"line":16,"column":46},"end":{"line":16,"column":94}},"type":"cond-expr","locations":[{"start":{"line":16,"column":70},"end":{"line":16,"column":73}},{"start":{"line":16,"column":76},"end":{"line":16,"column":94}}],"line":16},"1":{"loc":{"start":{"line":16,"column":46},"end":{"line":16,"column":67}},"type":"binary-expr","locations":[{"start":{"line":16,"column":46},"end":{"line":16,"column":49}},{"start":{"line":16,"column":53},"end":{"line":16,"column":67}}],"line":16}},"s":{"0":1,"1":1,"2":1,"3":1,"4":1,"5":1,"6":4,"7":1,"8":1,"9":1,"10":1,"11":1,"12":1},"f":{"0":4},"b":{"0":[3,1],"1":[4,4]},"inputSourceMap":{"version":3,"sources":["index.js"],"names":["app","use","articleRoutes","contactRoutes","userRoutes"],"mappings":";;;;;;;AAAA;;AACA;;AACA;;AACA;;;;AAEA,IAAMA,GAAG,GAAG,0BAAZ;AAEAA,GAAG,CAACC,GAAJ,CAAQ,UAAR,EAAoBC,mBAApB;AACAF,GAAG,CAACC,GAAJ,CAAQ,UAAR,EAAoBE,mBAApB;AACAH,GAAG,CAACC,GAAJ,CAAQ,OAAR,EAAiBG,gBAAjB;eAEeJ,G","sourceRoot":"/Users/andela/Documents/GitHub/bootcamp-project/rest-api/routes/","sourcesContent":["import express from 'express';\nimport articleRoutes from \"./article\"\nimport contactRoutes from \"./contact\"\nimport userRoutes from \"./user\"\n\nconst app = express();\n\napp.use('/article', articleRoutes);\napp.use('/contact', contactRoutes);\napp.use('/user', userRoutes);\n\nexport default app;"]},"_coverageSchema":"1a1c01bbd47fc00a2c39e90264f33305004495a9","hash":"1c6a8d73fe9695701f585a0226b172ca8923ee85","contentHash":"8434033bd67f1a98bb1d442766a3aa69ab0ac947e16ab97c96cce216e048d889"},"/Users/andela/Documents/GitHub/bootcamp-project/rest-api/routes/article.js":{"path":"/Users/andela/Documents/GitHub/bootcamp-project/rest-api/routes/article.js","statementMap":{"0":{"start":{"line":3,"column":0},"end":{"line":5,"column":3}},"1":{"start":{"line":6,"column":0},"end":{"line":6,"column":28}},"2":{"start":{"line":8,"column":15},"end":{"line":8,"column":57}},"3":{"start":{"line":10,"column":12},"end":{"line":10,"column":41}},"4":{"start":{"line":12,"column":20},"end":{"line":12,"column":81}},"5":{"start":{"line":14,"column":15},"end":{"line":14,"column":48}},"6":{"start":{"line":16,"column":39},"end":{"line":16,"column":95}},"7":{"start":{"line":18,"column":13},"end":{"line":18,"column":41}},"8":{"start":{"line":21,"column":0},"end":{"line":21,"column":41}},"9":{"start":{"line":23,"column":0},"end":{"line":23,"column":86}},"10":{"start":{"line":25,"column":0},"end":{"line":25,"column":46}},"11":{"start":{"line":27,"column":0},"end":{"line":27,"column":64}},"12":{"start":{"line":29,"column":0},"end":{"line":29,"column":68}},"13":{"start":{"line":30,"column":15},"end":{"line":30,"column":21}},"14":{"start":{"line":31,"column":0},"end":{"line":31,"column":30}}},"fnMap":{"0":{"name":"_interopRequireDefault","decl":{"start":{"line":16,"column":9},"end":{"line":16,"column":31}},"loc":{"start":{"line":16,"column":37},"end":{"line":16,"column":97}},"line":16}},"branchMap":{"0":{"loc":{"start":{"line":16,"column":46},"end":{"line":16,"column":94}},"type":"cond-expr","locations":[{"start":{"line":16,"column":70},"end":{"line":16,"column":73}},{"start":{"line":16,"column":76},"end":{"line":16,"column":94}}],"line":16},"1":{"loc":{"start":{"line":16,"column":46},"end":{"line":16,"column":67}},"type":"binary-expr","locations":[{"start":{"line":16,"column":46},"end":{"line":16,"column":49}},{"start":{"line":16,"column":53},"end":{"line":16,"column":67}}],"line":16}},"s":{"0":1,"1":1,"2":1,"3":1,"4":1,"5":1,"6":2,"7":1,"8":1,"9":1,"10":1,"11":1,"12":1,"13":1,"14":1},"f":{"0":2},"b":{"0":[0,2],"1":[2,2]},"inputSourceMap":{"version":3,"sources":["article.js"],"names":["router","express","Router","get","getAllArticles","post","verifyToken","multerConfig","addNewArticle","getSingleArticle","patch","updateArticle","deleteArticle"],"mappings":";;;;;;;AAAA;;AACA;;AAEA;;AAIA;;;;AALA,IAAMA,MAAM,GAAGC,oBAAQC,MAAR,EAAf;;AAaA;AACAF,MAAM,CAACG,GAAP,CAAW,GAAX,EAAgBC,uBAAhB,E,CAEA;;AACAJ,MAAM,CAACK,IAAP,CAAY,GAAZ,EAAiBC,iBAAjB,EAA8BC,wBAA9B,EAA4CC,sBAA5C,E,CAEA;;AACAR,MAAM,CAACG,GAAP,CAAW,MAAX,EAAmBM,yBAAnB,E,CAEA;;AACAT,MAAM,CAACU,KAAP,CAAa,MAAb,EAAqBJ,iBAArB,EAAkCK,sBAAlC,E,CAEA;;AACAX,MAAM,UAAN,CAAc,MAAd,EAAsBM,iBAAtB,EAAmCM,sBAAnC;eAEeZ,M","sourceRoot":"/Users/andela/Documents/GitHub/bootcamp-project/rest-api/routes/","sourcesContent":["import express from \"express\";\nimport { verifyToken } from \"../middleware/auth\";\nconst router = express.Router();\nimport multerConfig from \"../middleware/multerConfig\";\n\n\n\nimport {\n\tgetAllArticles,\n\taddNewArticle,\n\tgetSingleArticle,\n\tupdateArticle,\n\tdeleteArticle\n} from \"../controllers/article\";\n\n// Get all articles\nrouter.get(\"/\", getAllArticles)\n\n// Add new article\nrouter.post(\"/\", verifyToken, multerConfig, addNewArticle)\n\t\n// Get single article\nrouter.get(\"/:id\", getSingleArticle)\n\n// Update article\nrouter.patch(\"/:id\", verifyToken, updateArticle)\n\n// Delete article\nrouter.delete(\"/:id\", verifyToken, deleteArticle)\n\nexport default router\n"]},"_coverageSchema":"1a1c01bbd47fc00a2c39e90264f33305004495a9","hash":"21ebbe35fbd25dc45c780d8bcfdbeaeec5e263d0","contentHash":"dd5a51711c905687a96a4caeb73018ce7b26ae307dfc15c6deaea5844dd16f5b"},"/Users/andela/Documents/GitHub/bootcamp-project/rest-api/middleware/auth.js":{"path":"/Users/andela/Documents/GitHub/bootcamp-project/rest-api/middleware/auth.js","statementMap":{"0":{"start":{"line":3,"column":0},"end":{"line":5,"column":3}},"1":{"start":{"line":6,"column":0},"end":{"line":6,"column":29}},"2":{"start":{"line":8,"column":20},"end":{"line":8,"column":67}},"3":{"start":{"line":10,"column":14},"end":{"line":10,"column":55}},"4":{"start":{"line":12,"column":39},"end":{"line":12,"column":95}},"5":{"start":{"line":14,"column":77},"end":{"line":14,"column":175}},"6":{"start":{"line":14,"column":94},"end":{"line":14,"column":107}},"7":{"start":{"line":14,"column":121},"end":{"line":14,"column":131}},"8":{"start":{"line":14,"column":151},"end":{"line":14,"column":165}},"9":{"start":{"line":14,"column":166},"end":{"line":14,"column":173}},"10":{"start":{"line":14,"column":176},"end":{"line":14,"column":263}},"11":{"start":{"line":14,"column":193},"end":{"line":14,"column":208}},"12":{"start":{"line":14,"column":218},"end":{"line":14,"column":261}},"13":{"start":{"line":16,"column":33},"end":{"line":16,"column":387}},"14":{"start":{"line":16,"column":65},"end":{"line":16,"column":69}},"15":{"start":{"line":16,"column":78},"end":{"line":16,"column":87}},"16":{"start":{"line":16,"column":89},"end":{"line":16,"column":384}},"17":{"start":{"line":16,"column":147},"end":{"line":16,"column":167}},"18":{"start":{"line":16,"column":193},"end":{"line":16,"column":264}},"19":{"start":{"line":16,"column":290},"end":{"line":16,"column":360}},"20":{"start":{"line":16,"column":363},"end":{"line":16,"column":380}},"21":{"start":{"line":18,"column":0},"end":{"line":18,"column":28}},"22":{"start":{"line":20,"column":31},"end":{"line":73,"column":3}},"23":{"start":{"line":21,"column":13},"end":{"line":68,"column":5}},"24":{"start":{"line":23,"column":4},"end":{"line":67,"column":33}},"25":{"start":{"line":24,"column":6},"end":{"line":66,"column":7}},"26":{"start":{"line":25,"column":8},"end":{"line":65,"column":9}},"27":{"start":{"line":27,"column":12},"end":{"line":27,"column":40}},"28":{"start":{"line":29,"column":12},"end":{"line":32,"column":13}},"29":{"start":{"line":30,"column":14},"end":{"line":30,"column":32}},"30":{"start":{"line":31,"column":14},"end":{"line":31,"column":20}},"31":{"start":{"line":34,"column":12},"end":{"line":37,"column":16}},"32":{"start":{"line":40,"column":12},"end":{"line":40,"column":30}},"33":{"start":{"line":41,"column":12},"end":{"line":41,"column":30}},"34":{"start":{"line":42,"column":12},"end":{"line":42,"column":78}},"35":{"start":{"line":45,"column":12},"end":{"line":45,"column":36}},"36":{"start":{"line":46,"column":12},"end":{"line":46,"column":31}},"37":{"start":{"line":47,"column":12},"end":{"line":47,"column":19}},"38":{"start":{"line":48,"column":12},"end":{"line":48,"column":31}},"39":{"start":{"line":49,"column":12},"end":{"line":49,"column":18}},"40":{"start":{"line":52,"column":12},"end":{"line":52,"column":31}},"41":{"start":{"line":53,"column":12},"end":{"line":53,"column":47}},"42":{"start":{"line":54,"column":12},"end":{"line":57,"column":16}},"43":{"start":{"line":60,"column":12},"end":{"line":60,"column":51}},"44":{"start":{"line":64,"column":12},"end":{"line":64,"column":35}},"45":{"start":{"line":70,"column":2},"end":{"line":72,"column":4}},"46":{"start":{"line":71,"column":4},"end":{"line":71,"column":39}},"47":{"start":{"line":75,"column":0},"end":{"line":75,"column":34}}},"fnMap":{"0":{"name":"_interopRequireDefault","decl":{"start":{"line":12,"column":9},"end":{"line":12,"column":31}},"loc":{"start":{"line":12,"column":37},"end":{"line":12,"column":97}},"line":12},"1":{"name":"asyncGeneratorStep","decl":{"start":{"line":14,"column":9},"end":{"line":14,"column":27}},"loc":{"start":{"line":14,"column":75},"end":{"line":14,"column":265}},"line":14},"2":{"name":"_asyncToGenerator","decl":{"start":{"line":16,"column":9},"end":{"line":16,"column":26}},"loc":{"start":{"line":16,"column":31},"end":{"line":16,"column":389}},"line":16},"3":{"name":"(anonymous_3)","decl":{"start":{"line":16,"column":40},"end":{"line":16,"column":41}},"loc":{"start":{"line":16,"column":52},"end":{"line":16,"column":386}},"line":16},"4":{"name":"(anonymous_4)","decl":{"start":{"line":16,"column":108},"end":{"line":16,"column":109}},"loc":{"start":{"line":16,"column":135},"end":{"line":16,"column":382}},"line":16},"5":{"name":"_next","decl":{"start":{"line":16,"column":178},"end":{"line":16,"column":183}},"loc":{"start":{"line":16,"column":191},"end":{"line":16,"column":266}},"line":16},"6":{"name":"_throw","decl":{"start":{"line":16,"column":276},"end":{"line":16,"column":282}},"loc":{"start":{"line":16,"column":288},"end":{"line":16,"column":362}},"line":16},"7":{"name":"(anonymous_7)","decl":{"start":{"line":20,"column":31},"end":{"line":20,"column":32}},"loc":{"start":{"line":20,"column":43},"end":{"line":73,"column":1}},"line":20},"8":{"name":"_callee","decl":{"start":{"line":21,"column":78},"end":{"line":21,"column":85}},"loc":{"start":{"line":21,"column":102},"end":{"line":68,"column":3}},"line":21},"9":{"name":"_callee$","decl":{"start":{"line":23,"column":44},"end":{"line":23,"column":52}},"loc":{"start":{"line":23,"column":63},"end":{"line":67,"column":5}},"line":23},"10":{"name":"verifyToken","decl":{"start":{"line":70,"column":18},"end":{"line":70,"column":29}},"loc":{"start":{"line":70,"column":44},"end":{"line":72,"column":3}},"line":70}},"branchMap":{"0":{"loc":{"start":{"line":12,"column":46},"end":{"line":12,"column":94}},"type":"cond-expr","locations":[{"start":{"line":12,"column":70},"end":{"line":12,"column":73}},{"start":{"line":12,"column":76},"end":{"line":12,"column":94}}],"line":12},"1":{"loc":{"start":{"line":12,"column":46},"end":{"line":12,"column":67}},"type":"binary-expr","locations":[{"start":{"line":12,"column":46},"end":{"line":12,"column":49}},{"start":{"line":12,"column":53},"end":{"line":12,"column":67}}],"line":12},"2":{"loc":{"start":{"line":14,"column":176},"end":{"line":14,"column":263}},"type":"if","locations":[{"start":{"line":14,"column":176},"end":{"line":14,"column":263}},{"start":{"line":14,"column":176},"end":{"line":14,"column":263}}],"line":14},"3":{"loc":{"start":{"line":25,"column":8},"end":{"line":65,"column":9}},"type":"switch","locations":[{"start":{"line":26,"column":10},"end":{"line":37,"column":16}},{"start":{"line":39,"column":10},"end":{"line":42,"column":78}},{"start":{"line":44,"column":10},"end":{"line":49,"column":18}},{"start":{"line":51,"column":10},"end":{"line":57,"column":16}},{"start":{"line":59,"column":10},"end":{"line":60,"column":51}},{"start":{"line":62,"column":10},"end":{"line":62,"column":18}},{"start":{"line":63,"column":10},"end":{"line":64,"column":35}}],"line":25},"4":{"loc":{"start":{"line":29,"column":12},"end":{"line":32,"column":13}},"type":"if","locations":[{"start":{"line":29,"column":12},"end":{"line":32,"column":13}},{"start":{"line":29,"column":12},"end":{"line":32,"column":13}}],"line":29}},"s":{"0":1,"1":1,"2":1,"3":1,"4":2,"5":0,"6":0,"7":0,"8":0,"9":0,"10":0,"11":0,"12":0,"13":1,"14":0,"15":0,"16":0,"17":0,"18":0,"19":0,"20":0,"21":1,"22":1,"23":1,"24":0,"25":0,"26":0,"27":0,"28":0,"29":0,"30":0,"31":0,"32":0,"33":0,"34":0,"35":0,"36":0,"37":0,"38":0,"39":0,"40":0,"41":0,"42":0,"43":0,"44":0,"45":1,"46":0,"47":1},"f":{"0":2,"1":0,"2":1,"3":0,"4":0,"5":0,"6":0,"7":1,"8":0,"9":0,"10":0},"b":{"0":[0,2],"1":[2,2],"2":[0,0],"3":[0,0,0,0,0,0,0],"4":[0,0]},"inputSourceMap":{"version":3,"sources":["auth.js"],"names":["ENV","config","verifyToken","req","res","next","token","headers","status","send","error","jwt","verify","process","env","SECRET","decoded","user"],"mappings":";;;;;;;AAAA;;AACA;;;;;;;;AAEAA,mBAAIC,MAAJ;;AAEA,IAAMC,WAAW;AAAA,qEAAG,iBAAOC,GAAP,EAAYC,GAAZ,EAAiBC,IAAjB;AAAA;AAAA;AAAA;AAAA;AAAA;AACVC,YAAAA,KADU,GACFH,GAAG,CAACI,OAAJ,CAAY,MAAZ,CADE;;AAAA,gBAEXD,KAFW;AAAA;AAAA;AAAA;;AAAA,6CAGLF,GAAG,CAACI,MAAJ,CAAW,GAAX,EAAgBC,IAAhB,CAAqB;AAAED,cAAAA,MAAM,EAAE,GAAV;AAAeE,cAAAA,KAAK,EAAE;AAAtB,aAArB,CAHK;;AAAA;AAAA;AAAA;AAAA,mBAMUC,yBAAIC,MAAJ,CAAWN,KAAX,EAAkBO,OAAO,CAACC,GAAR,CAAYC,MAA9B,CANV;;AAAA;AAMNC,YAAAA,OANM;AAOZb,YAAAA,GAAG,CAACc,IAAJ,GAAWD,OAAX;AACAX,YAAAA,IAAI;AARQ;AAAA;;AAAA;AAAA;AAAA;AAAA,6CAULD,GAAG,CAACI,MAAJ,CAAW,GAAX,EAAgBC,IAAhB,CAAqB;AAAED,cAAAA,MAAM,EAAE,GAAV;AAAeE,cAAAA,KAAK;AAApB,aAArB,CAVK;;AAAA;AAAA,6CAYT,IAZS;;AAAA;AAAA;AAAA;AAAA;AAAA;AAAA;AAAA,GAAH;;AAAA,kBAAXR,WAAW;AAAA;AAAA;AAAA,GAAjB","sourceRoot":"/Users/andela/Documents/GitHub/bootcamp-project/rest-api/middleware/","sourcesContent":["import jwt from \"jsonwebtoken\";\nimport ENV from \"dotenv\";\n\nENV.config();\n\nconst verifyToken = async (req, res, next) => {\n    const token = req.headers['auth'];\n    if (!token) {\n        return res.status(401).send({ status: 401, error: 'No token was provided' });\n    }\n    try {\n        const decoded = await jwt.verify(token, process.env.SECRET);\n        req.user = decoded;\n        next();\n    } catch (error) {\n        return res.status(400).send({ status: 400, error });\n    }\n    return true;\n};\n\nexport {\n    verifyToken\n}"]},"_coverageSchema":"1a1c01bbd47fc00a2c39e90264f33305004495a9","hash":"cd2fd21d2d661d6ce4c01414cd1496e11286ef26","contentHash":"3e89fb9769bfb0b371ea22e6d11152ec8607beec3b7ea294be47086799e8471c"},"/Users/andela/Documents/GitHub/bootcamp-project/rest-api/middleware/multerConfig.js":{"path":"/Users/andela/Documents/GitHub/bootcamp-project/rest-api/middleware/multerConfig.js","statementMap":{"0":{"start":{"line":3,"column":14},"end":{"line":3,"column":55}},"1":{"start":{"line":5,"column":12},"end":{"line":5,"column":51}},"2":{"start":{"line":7,"column":39},"end":{"line":7,"column":95}},"3":{"start":{"line":9,"column":18},"end":{"line":16,"column":2}},"4":{"start":{"line":12,"column":14},"end":{"line":12,"column":57}},"5":{"start":{"line":14,"column":4},"end":{"line":14,"column":31}},"6":{"start":{"line":18,"column":17},"end":{"line":24,"column":1}},"7":{"start":{"line":19,"column":2},"end":{"line":23,"column":3}},"8":{"start":{"line":20,"column":4},"end":{"line":20,"column":19}},"9":{"start":{"line":22,"column":4},"end":{"line":22,"column":20}},"10":{"start":{"line":26,"column":0},"end":{"line":29,"column":9}}},"fnMap":{"0":{"name":"_interopRequireDefault","decl":{"start":{"line":7,"column":9},"end":{"line":7,"column":31}},"loc":{"start":{"line":7,"column":37},"end":{"line":7,"column":97}},"line":7},"1":{"name":"filename","decl":{"start":{"line":11,"column":21},"end":{"line":11,"column":29}},"loc":{"start":{"line":11,"column":45},"end":{"line":15,"column":3}},"line":11},"2":{"name":"fileFilter","decl":{"start":{"line":18,"column":26},"end":{"line":18,"column":36}},"loc":{"start":{"line":18,"column":52},"end":{"line":24,"column":1}},"line":18}},"branchMap":{"0":{"loc":{"start":{"line":7,"column":46},"end":{"line":7,"column":94}},"type":"cond-expr","locations":[{"start":{"line":7,"column":70},"end":{"line":7,"column":73}},{"start":{"line":7,"column":76},"end":{"line":7,"column":94}}],"line":7},"1":{"loc":{"start":{"line":7,"column":46},"end":{"line":7,"column":67}},"type":"binary-expr","locations":[{"start":{"line":7,"column":46},"end":{"line":7,"column":49}},{"start":{"line":7,"column":53},"end":{"line":7,"column":67}}],"line":7},"2":{"loc":{"start":{"line":19,"column":2},"end":{"line":23,"column":3}},"type":"if","locations":[{"start":{"line":19,"column":2},"end":{"line":23,"column":3}},{"start":{"line":19,"column":2},"end":{"line":23,"column":3}}],"line":19},"3":{"loc":{"start":{"line":19,"column":6},"end":{"line":19,"column":102}},"type":"binary-expr","locations":[{"start":{"line":19,"column":6},"end":{"line":19,"column":35}},{"start":{"line":19,"column":39},"end":{"line":19,"column":68}},{"start":{"line":19,"column":72},"end":{"line":19,"column":102}}],"line":19}},"s":{"0":1,"1":1,"2":2,"3":1,"4":0,"5":0,"6":1,"7":0,"8":0,"9":0,"10":1},"f":{"0":2,"1":0,"2":0},"b":{"0":[0,2],"1":[2,2],"2":[0,0],"3":[0,0,0]},"inputSourceMap":{"version":3,"sources":["multerConfig.js"],"names":["fileStorage","multer","diskStorage","destination","filename","req","file","cb","ext","path","extname","originalname","Date","now","fileFilter","mimetype","module","exports","storage","any"],"mappings":";;AAAA;;AACA;;;;AAEA,IAAMA,WAAW,GAAGC,mBAAOC,WAAP,CAAmB;AACrCC,EAAAA,WAAW,EAAE,QADwB;AAErCC,EAAAA,QAAQ,EAAE,kBAACC,GAAD,EAAMC,IAAN,EAAYC,EAAZ,EAAmB;AAC3B,QAAIC,GAAG,GAAGC,iBAAKC,OAAL,CAAaJ,IAAI,CAACK,YAAlB,CAAV;;AACAJ,IAAAA,EAAE,CAAC,IAAD,EAAOK,IAAI,CAACC,GAAL,KAAaL,GAApB,CAAF;AACD;AALoC,CAAnB,CAApB;;AAQA,IAAMM,UAAU,GAAG,SAAbA,UAAa,CAACT,GAAD,EAAMC,IAAN,EAAYC,EAAZ,EAAmB;AACpC,MACED,IAAI,CAACS,QAAL,KAAkB,WAAlB,IACAT,IAAI,CAACS,QAAL,KAAkB,WADlB,IAEAT,IAAI,CAACS,QAAL,KAAkB,YAHpB,EAIE;AACAR,IAAAA,EAAE,CAAC,IAAD,EAAO,IAAP,CAAF;AACD,GAND,MAMO;AACLA,IAAAA,EAAE,CAAC,IAAD,EAAO,KAAP,CAAF;AACD;AACF,CAVD;;AAYAS,MAAM,CAACC,OAAP,GAAiB,wBAAO;AAAEC,EAAAA,OAAO,EAAElB,WAAX;AAAwBc,EAAAA,UAAU,EAAEA;AAApC,CAAP,EAAyDK,GAAzD,EAAjB","sourceRoot":"/Users/andela/Documents/GitHub/bootcamp-project/rest-api/middleware/","sourcesContent":["import multer from \"multer\";\nimport path from \"path\";\n\nconst fileStorage = multer.diskStorage({\n  destination: \"images\",\n  filename: (req, file, cb) => {\n    let ext = path.extname(file.originalname);\n    cb(null, Date.now() + ext);\n  },\n});\n\nconst fileFilter = (req, file, cb) => {\n  if (\n    file.mimetype === \"image/jpg\" ||\n    file.mimetype === \"image/png\" ||\n    file.mimetype === \"image/jpeg\"\n  ) {\n    cb(null, true);\n  } else {\n    cb(null, false);\n  }\n};\n\nmodule.exports = multer({ storage: fileStorage, fileFilter: fileFilter }).any();\n"]},"_coverageSchema":"1a1c01bbd47fc00a2c39e90264f33305004495a9","hash":"b8889bc5c0205623473148bee58e909248e5a20c","contentHash":"8d388f4eb9070e111a8fa80ddc64553ab62298258a616752a8f0a78e1221b2bc"},"/Users/andela/Documents/GitHub/bootcamp-project/rest-api/controllers/article.js":{"path":"/Users/andela/Documents/GitHub/bootcamp-project/rest-api/controllers/article.js","statementMap":{"0":{"start":{"line":3,"column":0},"end":{"line":5,"column":3}},"1":{"start":{"line":6,"column":0},"end":{"line":6,"column":131}},"2":{"start":{"line":8,"column":15},"end":{"line":8,"column":67}},"3":{"start":{"line":10,"column":15},"end":{"line":10,"column":57}},"4":{"start":{"line":12,"column":24},"end":{"line":12,"column":89}},"5":{"start":{"line":14,"column":10},"end":{"line":14,"column":47}},"6":{"start":{"line":16,"column":18},"end":{"line":16,"column":42}},"7":{"start":{"line":18,"column":39},"end":{"line":18,"column":95}},"8":{"start":{"line":20,"column":77},"end":{"line":20,"column":175}},"9":{"start":{"line":20,"column":94},"end":{"line":20,"column":107}},"10":{"start":{"line":20,"column":121},"end":{"line":20,"column":131}},"11":{"start":{"line":20,"column":151},"end":{"line":20,"column":165}},"12":{"start":{"line":20,"column":166},"end":{"line":20,"column":173}},"13":{"start":{"line":20,"column":176},"end":{"line":20,"column":263}},"14":{"start":{"line":20,"column":193},"end":{"line":20,"column":208}},"15":{"start":{"line":20,"column":218},"end":{"line":20,"column":261}},"16":{"start":{"line":22,"column":33},"end":{"line":22,"column":387}},"17":{"start":{"line":22,"column":65},"end":{"line":22,"column":69}},"18":{"start":{"line":22,"column":78},"end":{"line":22,"column":87}},"19":{"start":{"line":22,"column":89},"end":{"line":22,"column":384}},"20":{"start":{"line":22,"column":147},"end":{"line":22,"column":167}},"21":{"start":{"line":22,"column":193},"end":{"line":22,"column":264}},"22":{"start":{"line":22,"column":290},"end":{"line":22,"column":360}},"23":{"start":{"line":22,"column":363},"end":{"line":22,"column":380}},"24":{"start":{"line":24,"column":34},"end":{"line":62,"column":3}},"25":{"start":{"line":25,"column":13},"end":{"line":57,"column":5}},"26":{"start":{"line":27,"column":4},"end":{"line":56,"column":32}},"27":{"start":{"line":28,"column":6},"end":{"line":55,"column":7}},"28":{"start":{"line":29,"column":8},"end":{"line":54,"column":9}},"29":{"start":{"line":31,"column":12},"end":{"line":31,"column":30}},"30":{"start":{"line":32,"column":12},"end":{"line":32,"column":30}},"31":{"start":{"line":33,"column":12},"end":{"line":33,"column":46}},"32":{"start":{"line":36,"column":12},"end":{"line":36,"column":37}},"33":{"start":{"line":37,"column":12},"end":{"line":39,"column":15}},"34":{"start":{"line":40,"column":12},"end":{"line":40,"column":31}},"35":{"start":{"line":41,"column":12},"end":{"line":41,"column":18}},"36":{"start":{"line":44,"column":12},"end":{"line":44,"column":30}},"37":{"start":{"line":45,"column":12},"end":{"line":45,"column":47}},"38":{"start":{"line":46,"column":12},"end":{"line":46,"column":28}},"39":{"start":{"line":47,"column":12},"end":{"line":49,"column":15}},"40":{"start":{"line":53,"column":12},"end":{"line":53,"column":35}},"41":{"start":{"line":59,"column":2},"end":{"line":61,"column":4}},"42":{"start":{"line":60,"column":4},"end":{"line":60,"column":39}},"43":{"start":{"line":64,"column":0},"end":{"line":64,"column":40}},"44":{"start":{"line":66,"column":33},"end":{"line":112,"column":3}},"45":{"start":{"line":67,"column":14},"end":{"line":107,"column":5}},"46":{"start":{"line":69,"column":4},"end":{"line":106,"column":34}},"47":{"start":{"line":70,"column":6},"end":{"line":105,"column":7}},"48":{"start":{"line":71,"column":8},"end":{"line":104,"column":9}},"49":{"start":{"line":73,"column":12},"end":{"line":73,"column":31}},"50":{"start":{"line":74,"column":12},"end":{"line":74,"column":31}},"51":{"start":{"line":75,"column":12},"end":{"line":75,"column":75}},"52":{"start":{"line":78,"column":12},"end":{"line":78,"column":36}},"53":{"start":{"line":79,"column":12},"end":{"line":83,"column":15}},"54":{"start":{"line":84,"column":12},"end":{"line":84,"column":31}},"55":{"start":{"line":85,"column":12},"end":{"line":85,"column":34}},"56":{"start":{"line":88,"column":12},"end":{"line":91,"column":15}},"57":{"start":{"line":92,"column":12},"end":{"line":92,"column":32}},"58":{"start":{"line":93,"column":12},"end":{"line":93,"column":18}},"59":{"start":{"line":96,"column":12},"end":{"line":96,"column":32}},"60":{"start":{"line":97,"column":12},"end":{"line":97,"column":49}},"61":{"start":{"line":98,"column":12},"end":{"line":98,"column":28}},"62":{"start":{"line":99,"column":12},"end":{"line":99,"column":38}},"63":{"start":{"line":103,"column":12},"end":{"line":103,"column":36}},"64":{"start":{"line":109,"column":2},"end":{"line":111,"column":4}},"65":{"start":{"line":110,"column":4},"end":{"line":110,"column":40}},"66":{"start":{"line":114,"column":0},"end":{"line":114,"column":38}},"67":{"start":{"line":116,"column":36},"end":{"line":157,"column":3}},"68":{"start":{"line":117,"column":14},"end":{"line":152,"column":5}},"69":{"start":{"line":119,"column":4},"end":{"line":151,"column":33}},"70":{"start":{"line":120,"column":6},"end":{"line":150,"column":7}},"71":{"start":{"line":121,"column":8},"end":{"line":149,"column":9}},"72":{"start":{"line":123,"column":12},"end":{"line":123,"column":31}},"73":{"start":{"line":124,"column":12},"end":{"line":124,"column":31}},"74":{"start":{"line":125,"column":12},"end":{"line":127,"column":15}},"75":{"start":{"line":130,"column":12},"end":{"line":130,"column":37}},"76":{"start":{"line":131,"column":12},"end":{"line":134,"column":15}},"77":{"start":{"line":135,"column":12},"end":{"line":135,"column":32}},"78":{"start":{"line":136,"column":12},"end":{"line":136,"column":18}},"79":{"start":{"line":139,"column":12},"end":{"line":139,"column":31}},"80":{"start":{"line":140,"column":12},"end":{"line":140,"column":49}},"81":{"start":{"line":141,"column":12},"end":{"line":141,"column":28}},"82":{"start":{"line":142,"column":12},"end":{"line":144,"column":15}},"83":{"start":{"line":148,"column":12},"end":{"line":148,"column":36}},"84":{"start":{"line":154,"column":2},"end":{"line":156,"column":4}},"85":{"start":{"line":155,"column":4},"end":{"line":155,"column":40}},"86":{"start":{"line":159,"column":0},"end":{"line":159,"column":44}},"87":{"start":{"line":161,"column":33},"end":{"line":214,"column":3}},"88":{"start":{"line":162,"column":14},"end":{"line":209,"column":5}},"89":{"start":{"line":164,"column":4},"end":{"line":208,"column":34}},"90":{"start":{"line":165,"column":6},"end":{"line":207,"column":7}},"91":{"start":{"line":166,"column":8},"end":{"line":206,"column":9}},"92":{"start":{"line":168,"column":12},"end":{"line":168,"column":31}},"93":{"start":{"line":169,"column":12},"end":{"line":169,"column":31}},"94":{"start":{"line":170,"column":12},"end":{"line":172,"column":15}},"95":{"start":{"line":175,"column":12},"end":{"line":175,"column":34}},"96":{"start":{"line":177,"column":12},"end":{"line":179,"column":13}},"97":{"start":{"line":178,"column":14},"end":{"line":178,"column":42}},"98":{"start":{"line":181,"column":12},"end":{"line":183,"column":13}},"99":{"start":{"line":182,"column":14},"end":{"line":182,"column":46}},"100":{"start":{"line":185,"column":12},"end":{"line":185,"column":31}},"101":{"start":{"line":186,"column":12},"end":{"line":186,"column":31}},"102":{"start":{"line":189,"column":12},"end":{"line":192,"column":15}},"103":{"start":{"line":193,"column":12},"end":{"line":193,"column":32}},"104":{"start":{"line":194,"column":12},"end":{"line":194,"column":18}},"105":{"start":{"line":197,"column":12},"end":{"line":197,"column":32}},"106":{"start":{"line":198,"column":12},"end":{"line":198,"column":49}},"107":{"start":{"line":199,"column":12},"end":{"line":201,"column":15}},"108":{"start":{"line":205,"column":12},"end":{"line":205,"column":36}},"109":{"start":{"line":211,"column":2},"end":{"line":213,"column":4}},"110":{"start":{"line":212,"column":4},"end":{"line":212,"column":40}},"111":{"start":{"line":216,"column":0},"end":{"line":216,"column":38}},"112":{"start":{"line":218,"column":33},"end":{"line":255,"column":3}},"113":{"start":{"line":219,"column":14},"end":{"line":250,"column":5}},"114":{"start":{"line":220,"column":4},"end":{"line":249,"column":33}},"115":{"start":{"line":221,"column":6},"end":{"line":248,"column":7}},"116":{"start":{"line":222,"column":8},"end":{"line":247,"column":9}},"117":{"start":{"line":224,"column":12},"end":{"line":224,"column":31}},"118":{"start":{"line":225,"column":12},"end":{"line":225,"column":31}},"119":{"start":{"line":226,"column":12},"end":{"line":228,"column":15}},"120":{"start":{"line":231,"column":12},"end":{"line":233,"column":27}},"121":{"start":{"line":234,"column":12},"end":{"line":234,"column":31}},"122":{"start":{"line":235,"column":12},"end":{"line":235,"column":18}},"123":{"start":{"line":238,"column":12},"end":{"line":238,"column":31}},"124":{"start":{"line":239,"column":12},"end":{"line":239,"column":49}},"125":{"start":{"line":240,"column":12},"end":{"line":242,"column":27}},"126":{"start":{"line":246,"column":12},"end":{"line":246,"column":36}},"127":{"start":{"line":252,"column":2},"end":{"line":254,"column":4}},"128":{"start":{"line":253,"column":4},"end":{"line":253,"column":40}},"129":{"start":{"line":257,"column":0},"end":{"line":257,"column":38}}},"fnMap":{"0":{"name":"_interopRequireDefault","decl":{"start":{"line":18,"column":9},"end":{"line":18,"column":31}},"loc":{"start":{"line":18,"column":37},"end":{"line":18,"column":97}},"line":18},"1":{"name":"asyncGeneratorStep","decl":{"start":{"line":20,"column":9},"end":{"line":20,"column":27}},"loc":{"start":{"line":20,"column":75},"end":{"line":20,"column":265}},"line":20},"2":{"name":"_asyncToGenerator","decl":{"start":{"line":22,"column":9},"end":{"line":22,"column":26}},"loc":{"start":{"line":22,"column":31},"end":{"line":22,"column":389}},"line":22},"3":{"name":"(anonymous_3)","decl":{"start":{"line":22,"column":40},"end":{"line":22,"column":41}},"loc":{"start":{"line":22,"column":52},"end":{"line":22,"column":386}},"line":22},"4":{"name":"(anonymous_4)","decl":{"start":{"line":22,"column":108},"end":{"line":22,"column":109}},"loc":{"start":{"line":22,"column":135},"end":{"line":22,"column":382}},"line":22},"5":{"name":"_next","decl":{"start":{"line":22,"column":178},"end":{"line":22,"column":183}},"loc":{"start":{"line":22,"column":191},"end":{"line":22,"column":266}},"line":22},"6":{"name":"_throw","decl":{"start":{"line":22,"column":276},"end":{"line":22,"column":282}},"loc":{"start":{"line":22,"column":288},"end":{"line":22,"column":362}},"line":22},"7":{"name":"(anonymous_7)","decl":{"start":{"line":24,"column":34},"end":{"line":24,"column":35}},"loc":{"start":{"line":24,"column":46},"end":{"line":62,"column":1}},"line":24},"8":{"name":"_callee","decl":{"start":{"line":25,"column":78},"end":{"line":25,"column":85}},"loc":{"start":{"line":25,"column":96},"end":{"line":57,"column":3}},"line":25},"9":{"name":"_callee$","decl":{"start":{"line":27,"column":44},"end":{"line":27,"column":52}},"loc":{"start":{"line":27,"column":63},"end":{"line":56,"column":5}},"line":27},"10":{"name":"getAllArticles","decl":{"start":{"line":59,"column":18},"end":{"line":59,"column":32}},"loc":{"start":{"line":59,"column":42},"end":{"line":61,"column":3}},"line":59},"11":{"name":"(anonymous_11)","decl":{"start":{"line":66,"column":33},"end":{"line":66,"column":34}},"loc":{"start":{"line":66,"column":45},"end":{"line":112,"column":1}},"line":66},"12":{"name":"_callee2","decl":{"start":{"line":67,"column":79},"end":{"line":67,"column":87}},"loc":{"start":{"line":67,"column":98},"end":{"line":107,"column":3}},"line":67},"13":{"name":"_callee2$","decl":{"start":{"line":69,"column":44},"end":{"line":69,"column":53}},"loc":{"start":{"line":69,"column":65},"end":{"line":106,"column":5}},"line":69},"14":{"name":"addNewArticle","decl":{"start":{"line":109,"column":18},"end":{"line":109,"column":31}},"loc":{"start":{"line":109,"column":42},"end":{"line":111,"column":3}},"line":109},"15":{"name":"(anonymous_15)","decl":{"start":{"line":116,"column":36},"end":{"line":116,"column":37}},"loc":{"start":{"line":116,"column":48},"end":{"line":157,"column":1}},"line":116},"16":{"name":"_callee3","decl":{"start":{"line":117,"column":79},"end":{"line":117,"column":87}},"loc":{"start":{"line":117,"column":98},"end":{"line":152,"column":3}},"line":117},"17":{"name":"_callee3$","decl":{"start":{"line":119,"column":44},"end":{"line":119,"column":53}},"loc":{"start":{"line":119,"column":65},"end":{"line":151,"column":5}},"line":119},"18":{"name":"getSingleArticle","decl":{"start":{"line":154,"column":18},"end":{"line":154,"column":34}},"loc":{"start":{"line":154,"column":45},"end":{"line":156,"column":3}},"line":154},"19":{"name":"(anonymous_19)","decl":{"start":{"line":161,"column":33},"end":{"line":161,"column":34}},"loc":{"start":{"line":161,"column":45},"end":{"line":214,"column":1}},"line":161},"20":{"name":"_callee4","decl":{"start":{"line":162,"column":79},"end":{"line":162,"column":87}},"loc":{"start":{"line":162,"column":98},"end":{"line":209,"column":3}},"line":162},"21":{"name":"_callee4$","decl":{"start":{"line":164,"column":44},"end":{"line":164,"column":53}},"loc":{"start":{"line":164,"column":65},"end":{"line":208,"column":5}},"line":164},"22":{"name":"updateArticle","decl":{"start":{"line":211,"column":18},"end":{"line":211,"column":31}},"loc":{"start":{"line":211,"column":42},"end":{"line":213,"column":3}},"line":211},"23":{"name":"(anonymous_23)","decl":{"start":{"line":218,"column":33},"end":{"line":218,"column":34}},"loc":{"start":{"line":218,"column":45},"end":{"line":255,"column":1}},"line":218},"24":{"name":"_callee5","decl":{"start":{"line":219,"column":79},"end":{"line":219,"column":87}},"loc":{"start":{"line":219,"column":98},"end":{"line":250,"column":3}},"line":219},"25":{"name":"_callee5$","decl":{"start":{"line":220,"column":44},"end":{"line":220,"column":53}},"loc":{"start":{"line":220,"column":65},"end":{"line":249,"column":5}},"line":220},"26":{"name":"deleteArticle","decl":{"start":{"line":252,"column":18},"end":{"line":252,"column":31}},"loc":{"start":{"line":252,"column":43},"end":{"line":254,"column":3}},"line":252}},"branchMap":{"0":{"loc":{"start":{"line":18,"column":46},"end":{"line":18,"column":94}},"type":"cond-expr","locations":[{"start":{"line":18,"column":70},"end":{"line":18,"column":73}},{"start":{"line":18,"column":76},"end":{"line":18,"column":94}}],"line":18},"1":{"loc":{"start":{"line":18,"column":46},"end":{"line":18,"column":67}},"type":"binary-expr","locations":[{"start":{"line":18,"column":46},"end":{"line":18,"column":49}},{"start":{"line":18,"column":53},"end":{"line":18,"column":67}}],"line":18},"2":{"loc":{"start":{"line":20,"column":176},"end":{"line":20,"column":263}},"type":"if","locations":[{"start":{"line":20,"column":176},"end":{"line":20,"column":263}},{"start":{"line":20,"column":176},"end":{"line":20,"column":263}}],"line":20},"3":{"loc":{"start":{"line":29,"column":8},"end":{"line":54,"column":9}},"type":"switch","locations":[{"start":{"line":30,"column":10},"end":{"line":33,"column":46}},{"start":{"line":35,"column":10},"end":{"line":41,"column":18}},{"start":{"line":43,"column":10},"end":{"line":49,"column":15}},{"start":{"line":51,"column":10},"end":{"line":51,"column":18}},{"start":{"line":52,"column":10},"end":{"line":53,"column":35}}],"line":29},"4":{"loc":{"start":{"line":71,"column":8},"end":{"line":104,"column":9}},"type":"switch","locations":[{"start":{"line":72,"column":10},"end":{"line":75,"column":75}},{"start":{"line":77,"column":10},"end":{"line":85,"column":34}},{"start":{"line":87,"column":10},"end":{"line":93,"column":18}},{"start":{"line":95,"column":10},"end":{"line":99,"column":38}},{"start":{"line":101,"column":10},"end":{"line":101,"column":18}},{"start":{"line":102,"column":10},"end":{"line":103,"column":36}}],"line":71},"5":{"loc":{"start":{"line":121,"column":8},"end":{"line":149,"column":9}},"type":"switch","locations":[{"start":{"line":122,"column":10},"end":{"line":127,"column":15}},{"start":{"line":129,"column":10},"end":{"line":136,"column":18}},{"start":{"line":138,"column":10},"end":{"line":144,"column":15}},{"start":{"line":146,"column":10},"end":{"line":146,"column":18}},{"start":{"line":147,"column":10},"end":{"line":148,"column":36}}],"line":121},"6":{"loc":{"start":{"line":166,"column":8},"end":{"line":206,"column":9}},"type":"switch","locations":[{"start":{"line":167,"column":10},"end":{"line":172,"column":15}},{"start":{"line":174,"column":10},"end":{"line":186,"column":31}},{"start":{"line":188,"column":10},"end":{"line":194,"column":18}},{"start":{"line":196,"column":10},"end":{"line":201,"column":15}},{"start":{"line":203,"column":10},"end":{"line":203,"column":18}},{"start":{"line":204,"column":10},"end":{"line":205,"column":36}}],"line":166},"7":{"loc":{"start":{"line":177,"column":12},"end":{"line":179,"column":13}},"type":"if","locations":[{"start":{"line":177,"column":12},"end":{"line":179,"column":13}},{"start":{"line":177,"column":12},"end":{"line":179,"column":13}}],"line":177},"8":{"loc":{"start":{"line":181,"column":12},"end":{"line":183,"column":13}},"type":"if","locations":[{"start":{"line":181,"column":12},"end":{"line":183,"column":13}},{"start":{"line":181,"column":12},"end":{"line":183,"column":13}}],"line":181},"9":{"loc":{"start":{"line":222,"column":8},"end":{"line":247,"column":9}},"type":"switch","locations":[{"start":{"line":223,"column":10},"end":{"line":228,"column":15}},{"start":{"line":230,"column":10},"end":{"line":235,"column":18}},{"start":{"line":237,"column":10},"end":{"line":242,"column":27}},{"start":{"line":244,"column":10},"end":{"line":244,"column":17}},{"start":{"line":245,"column":10},"end":{"line":246,"column":36}}],"line":222}},"s":{"0":1,"1":1,"2":1,"3":1,"4":1,"5":1,"6":1,"7":4,"8":1,"9":1,"10":1,"11":0,"12":0,"13":1,"14":0,"15":1,"16":5,"17":1,"18":1,"19":1,"20":1,"21":1,"22":0,"23":1,"24":1,"25":1,"26":1,"27":1,"28":1,"29":1,"30":1,"31":1,"32":0,"33":0,"34":0,"35":0,"36":0,"37":0,"38":0,"39":0,"40":0,"41":1,"42":1,"43":1,"44":1,"45":1,"46":0,"47":0,"48":0,"49":0,"50":0,"51":0,"52":0,"53":0,"54":0,"55":0,"56":0,"57":0,"58":0,"59":0,"60":0,"61":0,"62":0,"63":0,"64":1,"65":0,"66":1,"67":1,"68":1,"69":0,"70":0,"71":0,"72":0,"73":0,"74":0,"75":0,"76":0,"77":0,"78":0,"79":0,"80":0,"81":0,"82":0,"83":0,"84":1,"85":0,"86":1,"87":1,"88":1,"89":0,"90":0,"91":0,"92":0,"93":0,"94":0,"95":0,"96":0,"97":0,"98":0,"99":0,"100":0,"101":0,"102":0,"103":0,"104":0,"105":0,"106":0,"107":0,"108":0,"109":1,"110":0,"111":1,"112":1,"113":1,"114":0,"115":0,"116":0,"117":0,"118":0,"119":0,"120":0,"121":0,"122":0,"123":0,"124":0,"125":0,"126":0,"127":1,"128":0,"129":1},"f":{"0":4,"1":1,"2":5,"3":1,"4":1,"5":1,"6":0,"7":1,"8":1,"9":1,"10":1,"11":1,"12":0,"13":0,"14":0,"15":1,"16":0,"17":0,"18":0,"19":1,"20":0,"21":0,"22":0,"23":1,"24":0,"25":0,"26":0},"b":{"0":[1,3],"1":[4,4],"2":[0,1],"3":[1,0,0,0,0],"4":[0,0,0,0,0,0],"5":[0,0,0,0,0],"6":[0,0,0,0,0,0],"7":[0,0],"8":[0,0],"9":[0,0,0,0,0]},"inputSourceMap":{"version":3,"sources":["article.js"],"names":["getAllArticles","req","res","articleModel","find","articles","status","send","error","addNewArticle","cloud","uploads","files","path","result","article","title","body","content","image","url","save","message","console","log","getSingleArticle","findOne","_id","params","id","updateArticle","post","deleteArticle","deleteOne","success"],"mappings":";;;;;;;AAAA;;AACA;;AACA;;AACA;;AAEA;;;;;;;;AAQA,IAAMA,cAAc;AAAA,qEAAG,iBAAOC,GAAP,EAAYC,GAAZ;AAAA;AAAA;AAAA;AAAA;AAAA;AAAA;AAAA;AAAA,mBAEEC,oBAAaC,IAAb,EAFF;;AAAA;AAEfC,YAAAA,QAFe;AAGrBH,YAAAA,GAAG,CAACI,MAAJ,CAAW,GAAX,EAAgBC,IAAhB,CAAqB;AAACF,cAAAA,QAAQ,EAARA;AAAD,aAArB;AAHqB;AAAA;;AAAA;AAAA;AAAA;AAKrBH,YAAAA,GAAG,CAACI,MAAJ,CAAW,GAAX;AACAJ,YAAAA,GAAG,CAACK,IAAJ,CAAS;AAAEC,cAAAA,KAAK;AAAP,aAAT;;AANqB;AAAA;AAAA;AAAA;AAAA;AAAA;AAAA,GAAH;;AAAA,kBAAdR,cAAc;AAAA;AAAA;AAAA,GAApB;;;;AAUA,IAAMS,aAAa;AAAA,sEAAG,kBAAOR,GAAP,EAAYC,GAAZ;AAAA;AAAA;AAAA;AAAA;AAAA;AAAA;AAAA;AAAA,mBAECQ,6BAAMC,OAAN,CAAcV,GAAG,CAACW,KAAJ,CAAU,CAAV,EAAaC,IAA3B,CAFD;;AAAA;AAEdC,YAAAA,MAFc;AAGdC,YAAAA,OAHc,GAGJ,IAAIZ,mBAAJ,CAAiB;AAChCa,cAAAA,KAAK,EAAEf,GAAG,CAACgB,IAAJ,CAASD,KADgB;AAEhCE,cAAAA,OAAO,EAAEjB,GAAG,CAACgB,IAAJ,CAASC,OAFc;AAGhCC,cAAAA,KAAK,EAAEL,MAAM,CAACM;AAHkB,aAAjB,CAHI;AAAA;AAAA,mBAQdL,OAAO,CAACM,IAAR,EARc;;AAAA;AASpBnB,YAAAA,GAAG,CAACI,MAAJ,CAAW,GAAX,EAAgBC,IAAhB,CAAqB;AAACe,cAAAA,OAAO,EAAE,8BAAV;AAA0CP,cAAAA,OAAO,EAAPA;AAA1C,aAArB;AAToB;AAAA;;AAAA;AAAA;AAAA;AAYpBb,YAAAA,GAAG,CAACI,MAAJ,CAAW,GAAX;AACAiB,YAAAA,OAAO,CAACC,GAAR,eAboB,CAcpB;;AAdoB;AAAA;AAAA;AAAA;AAAA;AAAA;AAAA,GAAH;;AAAA,kBAAbf,aAAa;AAAA;AAAA;AAAA,GAAnB;;;;AAkBA,IAAMgB,gBAAgB;AAAA,sEAAG,kBAAMxB,GAAN,EAAWC,GAAX;AAAA;AAAA;AAAA;AAAA;AAAA;AAAA;AAAA;AAAA,mBAEDC,oBAAauB,OAAb,CAAqB;AAAEC,cAAAA,GAAG,EAAE1B,GAAG,CAAC2B,MAAJ,CAAWC;AAAlB,aAArB,CAFC;;AAAA;AAEjBd,YAAAA,OAFiB;AAGvBb,YAAAA,GAAG,CAACI,MAAJ,CAAW,GAAX,EAAgBC,IAAhB,CAAqB;AAACe,cAAAA,OAAO,EAAE,8BAAV;AAA0CP,cAAAA,OAAO,EAAPA;AAA1C,aAArB;AAHuB;AAAA;;AAAA;AAAA;AAAA;AAKvBb,YAAAA,GAAG,CAACI,MAAJ,CAAW,GAAX;AACAJ,YAAAA,GAAG,CAACK,IAAJ,CAAS;AAAEC,cAAAA,KAAK,EAAE;AAAT,aAAT;;AANuB;AAAA;AAAA;AAAA;AAAA;AAAA;AAAA,GAAH;;AAAA,kBAAhBiB,gBAAgB;AAAA;AAAA;AAAA,GAAtB;;;;AAUA,IAAMK,aAAa;AAAA,sEAAG,kBAAO7B,GAAP,EAAYC,GAAZ;AAAA;AAAA;AAAA;AAAA;AAAA;AAAA;AAAA;AAAA,mBAGDC,oBAAauB,OAAb,CAAqB;AAAEC,cAAAA,GAAG,EAAE1B,GAAG,CAAC2B,MAAJ,CAAWC;AAAlB,aAArB,CAHC;;AAAA;AAGdE,YAAAA,IAHc;;AAKpB,gBAAI9B,GAAG,CAACgB,IAAJ,CAASD,KAAb,EAAoB;AACnBe,cAAAA,IAAI,CAACf,KAAL,GAAaf,GAAG,CAACgB,IAAJ,CAASD,KAAtB;AACA;;AAED,gBAAIf,GAAG,CAACgB,IAAJ,CAASC,OAAb,EAAsB;AACrBa,cAAAA,IAAI,CAACb,OAAL,GAAejB,GAAG,CAACgB,IAAJ,CAASC,OAAxB;AACA;;AAXmB;AAAA,mBAada,IAAI,CAACV,IAAL,EAbc;;AAAA;AAcpBnB,YAAAA,GAAG,CAACI,MAAJ,CAAW,GAAX,EAAgBC,IAAhB,CAAqB;AAACe,cAAAA,OAAO,EAAE,8BAAV;AAA0CS,cAAAA,IAAI,EAAJA;AAA1C,aAArB;AAdoB;AAAA;;AAAA;AAAA;AAAA;AAgBpB7B,YAAAA,GAAG,CAACI,MAAJ,CAAW,GAAX,EAAgBC,IAAhB,CAAqB;AAAEC,cAAAA,KAAK,EAAE;AAAT,aAArB;;AAhBoB;AAAA;AAAA;AAAA;AAAA;AAAA;AAAA,GAAH;;AAAA,kBAAbsB,aAAa;AAAA;AAAA;AAAA,GAAnB;;;;AAoBA,IAAME,aAAa;AAAA,sEAAG,kBAAO/B,GAAP,EAAYC,GAAZ;AAAA;AAAA;AAAA;AAAA;AAAA;AAAA;AAAA,mBAEdC,oBAAa8B,SAAb,CAAuB;AAAEN,cAAAA,GAAG,EAAE1B,GAAG,CAAC2B,MAAJ,CAAWC;AAAlB,aAAvB,CAFc;;AAAA;AAGpB3B,YAAAA,GAAG,CAACK,IAAJ,CAAS;AAAE2B,cAAAA,OAAO,EAAE;AAAX,aAAT,EAAsD5B,MAAtD,CAA6D,GAA7D;AAHoB;AAAA;;AAAA;AAAA;AAAA;AAKpBJ,YAAAA,GAAG,CAACK,IAAJ,CAAS;AAAEC,cAAAA,KAAK,EAAE;AAAT,aAAT,EAA8CF,MAA9C,CAAqD,GAArD;;AALoB;AAAA;AAAA;AAAA;AAAA;AAAA;AAAA,GAAH;;AAAA,kBAAb0B,aAAa;AAAA;AAAA;AAAA,GAAnB","sourceRoot":"/Users/andela/Documents/GitHub/bootcamp-project/rest-api/controllers/","sourcesContent":["import articleModel from \"../models/article\";\nimport express from \"express\";\nimport cloud from \"../middleware/cloudinaryConfig\";\nimport fs from \"fs\";\n\nimport {\n\tvalidator,\n\tvalidationErrors\n} from \"../validation\";\n\n\n\n\nconst getAllArticles = async (req, res) => {\n    try {\n\t\tconst articles = await articleModel.find()\n\t\tres.status(200).send({articles})\n\t} catch (error) {\n\t\tres.status(500)\n\t\tres.send({ error })\n\t}\n};\n\nconst addNewArticle = async (req, res) => {\n\ttry {\n\t\tconst result = await cloud.uploads(req.files[0].path);\n\t\tconst article = new articleModel({\n\t\t\ttitle: req.body.title,\n\t\t\tcontent: req.body.content,\n\t\t\timage: result.url\n\t\t})\n\t\tawait article.save()\n\t\tres.status(201).send({message: \"successfully created article\", article})\n\t}\n\tcatch (error) {\n\t\tres.status(500)\n\t\tconsole.log( error )\n\t\t// res.send({ error })\n\t}\n};\n\nconst getSingleArticle = async(req, res) => {\n\ttry {\n\t\tconst article = await articleModel.findOne({ _id: req.params.id })\n\t\tres.status(200).send({message: \"successfully fetched article\", article})\n\t} catch(error) {\n\t\tres.status(404)\n\t\tres.send({ error: \"Article doesn't exist!\" })\n\t}\n};\n\nconst updateArticle = async (req, res) => {\n\ttry {\n\t\t\n\t\tconst post = await articleModel.findOne({ _id: req.params.id })\n\n\t\tif (req.body.title) {\n\t\t\tpost.title = req.body.title\n\t\t}\n\n\t\tif (req.body.content) {\n\t\t\tpost.content = req.body.content\n\t\t}\n\n\t\tawait post.save()\n\t\tres.status(200).send({message: \"successfully updated article\", post})\n\t} catch(error) {\n\t\tres.status(404).send({ error: \"Article doesn't exist!\" })\n\t}\n};\n\nconst deleteArticle = async (req, res) => {\n\ttry {\n\t\tawait articleModel.deleteOne({ _id: req.params.id })\n\t\tres.send({ success: \"Article successfully deleted\" }).status(204)\n\t} catch(error) {\n\t\tres.send({ error: \"Article doesn't exist!\" }).status(404)\n\t} \n};\n\nexport {\n    getAllArticles,\n    addNewArticle,\n    getSingleArticle,\n    updateArticle,\n    deleteArticle\n}\n"]},"_coverageSchema":"1a1c01bbd47fc00a2c39e90264f33305004495a9","hash":"9b7efc15b850328308fb7ba03aff79cf664eaa92","contentHash":"7d149f93729f423fdda0b3cff72197f734bab5b8575f346461ca3c4ad00b661e"},"/Users/andela/Documents/GitHub/bootcamp-project/rest-api/models/article.js":{"path":"/Users/andela/Documents/GitHub/bootcamp-project/rest-api/models/article.js","statementMap":{"0":{"start":{"line":3,"column":0},"end":{"line":5,"column":3}},"1":{"start":{"line":6,"column":0},"end":{"line":6,"column":28}},"2":{"start":{"line":8,"column":16},"end":{"line":8,"column":59}},"3":{"start":{"line":10,"column":39},"end":{"line":10,"column":95}},"4":{"start":{"line":12,"column":20},"end":{"line":25,"column":2}},"5":{"start":{"line":27,"column":19},"end":{"line":27,"column":71}},"6":{"start":{"line":29,"column":15},"end":{"line":29,"column":27}},"7":{"start":{"line":30,"column":0},"end":{"line":30,"column":30}}},"fnMap":{"0":{"name":"_interopRequireDefault","decl":{"start":{"line":10,"column":9},"end":{"line":10,"column":31}},"loc":{"start":{"line":10,"column":37},"end":{"line":10,"column":97}},"line":10}},"branchMap":{"0":{"loc":{"start":{"line":10,"column":46},"end":{"line":10,"column":94}},"type":"cond-expr","locations":[{"start":{"line":10,"column":70},"end":{"line":10,"column":73}},{"start":{"line":10,"column":76},"end":{"line":10,"column":94}}],"line":10},"1":{"loc":{"start":{"line":10,"column":46},"end":{"line":10,"column":67}},"type":"binary-expr","locations":[{"start":{"line":10,"column":46},"end":{"line":10,"column":49}},{"start":{"line":10,"column":53},"end":{"line":10,"column":67}}],"line":10}},"s":{"0":1,"1":1,"2":1,"3":1,"4":1,"5":1,"6":1,"7":1},"f":{"0":1},"b":{"0":[0,1],"1":[1,1]},"inputSourceMap":{"version":3,"sources":["article.js"],"names":["articleSchema","mongoose","Schema","title","type","String","required","content","image","articleModel","model"],"mappings":";;;;;;;AAAA;;;;AAEA,IAAMA,aAAa,GAAG,IAAIC,qBAASC,MAAb,CAAoB;AACxCC,EAAAA,KAAK,EAAE;AACLC,IAAAA,IAAI,EAAEC,MADD;AAELC,IAAAA,QAAQ,EAAE;AAFL,GADiC;AAKxCC,EAAAA,OAAO,EAAE;AACPH,IAAAA,IAAI,EAAEC,MADC;AAEPC,IAAAA,QAAQ,EAAE;AAFH,GAL+B;AASxCE,EAAAA,KAAK,EAAE;AACLJ,IAAAA,IAAI,EAAEC,MADD;AAELC,IAAAA,QAAQ,EAAE;AAFL;AATiC,CAApB,CAAtB;;AAeA,IAAMG,YAAY,GAAGR,qBAASS,KAAT,CAAe,SAAf,EAA0BV,aAA1B,CAArB;;eAEeS,Y","sourceRoot":"/Users/andela/Documents/GitHub/bootcamp-project/rest-api/models/","sourcesContent":["import mongoose from \"mongoose\"\n\nconst articleSchema = new mongoose.Schema({\n  title: {\n    type: String,\n    required: true,\n  },\n  content: {\n    type: String,\n    required: true, \n  },\n  image: {\n    type: String,\n    required: false, \n  }\n})\n\nconst articleModel = mongoose.model(\"Article\", articleSchema)\n\nexport default articleModel "]},"_coverageSchema":"1a1c01bbd47fc00a2c39e90264f33305004495a9","hash":"19a59b585e677069933cabe8feea8547a39fd2c4","contentHash":"6d0cf1e86b2dffae47f76d267e5edc0fd83607abd130e09f8c65771e500d05df"},"/Users/andela/Documents/GitHub/bootcamp-project/rest-api/middleware/cloudinaryConfig.js":{"path":"/Users/andela/Documents/GitHub/bootcamp-project/rest-api/middleware/cloudinaryConfig.js","statementMap":{"0":{"start":{"line":3,"column":18},"end":{"line":3,"column":63}},"1":{"start":{"line":5,"column":39},"end":{"line":5,"column":95}},"2":{"start":{"line":7,"column":0},"end":{"line":11,"column":3}},"3":{"start":{"line":13,"column":0},"end":{"line":24,"column":2}},"4":{"start":{"line":14,"column":2},"end":{"line":23,"column":5}},"5":{"start":{"line":15,"column":4},"end":{"line":22,"column":7}},"6":{"start":{"line":16,"column":6},"end":{"line":19,"column":9}}},"fnMap":{"0":{"name":"_interopRequireDefault","decl":{"start":{"line":5,"column":9},"end":{"line":5,"column":31}},"loc":{"start":{"line":5,"column":37},"end":{"line":5,"column":97}},"line":5},"1":{"name":"(anonymous_1)","decl":{"start":{"line":13,"column":18},"end":{"line":13,"column":19}},"loc":{"start":{"line":13,"column":34},"end":{"line":24,"column":1}},"line":13},"2":{"name":"(anonymous_2)","decl":{"start":{"line":14,"column":21},"end":{"line":14,"column":22}},"loc":{"start":{"line":14,"column":40},"end":{"line":23,"column":3}},"line":14},"3":{"name":"(anonymous_3)","decl":{"start":{"line":15,"column":49},"end":{"line":15,"column":50}},"loc":{"start":{"line":15,"column":67},"end":{"line":20,"column":5}},"line":15}},"branchMap":{"0":{"loc":{"start":{"line":5,"column":46},"end":{"line":5,"column":94}},"type":"cond-expr","locations":[{"start":{"line":5,"column":70},"end":{"line":5,"column":73}},{"start":{"line":5,"column":76},"end":{"line":5,"column":94}}],"line":5},"1":{"loc":{"start":{"line":5,"column":46},"end":{"line":5,"column":67}},"type":"binary-expr","locations":[{"start":{"line":5,"column":46},"end":{"line":5,"column":49}},{"start":{"line":5,"column":53},"end":{"line":5,"column":67}}],"line":5}},"s":{"0":1,"1":1,"2":1,"3":1,"4":0,"5":0,"6":0},"f":{"0":1,"1":0,"2":0,"3":0},"b":{"0":[0,1],"1":[1,1]},"inputSourceMap":{"version":3,"sources":["cloudinaryConfig.js"],"names":["cloudinary","config","cloud_name","api_key","api_secret","exports","uploads","file","Promise","resolve","uploader","upload","result","url","id","public_id","resource_type"],"mappings":";;AAAA;;;;AAEAA,uBAAWC,MAAX,CAAkB;AAChBC,EAAAA,UAAU,EAAE,WADI;AAEhBC,EAAAA,OAAO,EAAE,iBAFO;AAGhBC,EAAAA,UAAU,EAAE;AAHI,CAAlB;;AAMAC,OAAO,CAACC,OAAR,GAAkB,UAACC,IAAD,EAAU;AAC1B,SAAO,IAAIC,OAAJ,CAAY,UAACC,OAAD,EAAa;AAC9BT,2BAAWU,QAAX,CAAoBC,MAApB,CACEJ,IADF,EAEE,UAACK,MAAD,EAAY;AACVH,MAAAA,OAAO,CAAC;AAAEI,QAAAA,GAAG,EAAED,MAAM,CAACC,GAAd;AAAmBC,QAAAA,EAAE,EAAEF,MAAM,CAACG;AAA9B,OAAD,CAAP;AACD,KAJH,EAKE;AAAEC,MAAAA,aAAa,EAAE;AAAjB,KALF;AAOD,GARM,CAAP;AASD,CAVD","sourceRoot":"/Users/andela/Documents/GitHub/bootcamp-project/rest-api/middleware/","sourcesContent":["import cloudinary from \"cloudinary\";\n\ncloudinary.config({\n  cloud_name: \"dk0bik4yw\",\n  api_key: \"342653613169365\",\n  api_secret: \"xoZYHxaB5SYHTQOuvK_xar1P29U\",\n});\n\nexports.uploads = (file) => {\n  return new Promise((resolve) => {\n    cloudinary.uploader.upload(\n      file,\n      (result) => {\n        resolve({ url: result.url, id: result.public_id });\n      },\n      { resource_type: \"auto\" }\n    );\n  });\n};"]},"_coverageSchema":"1a1c01bbd47fc00a2c39e90264f33305004495a9","hash":"e5dc4a2f974dd02434aaa4f81cecb4640974895b","contentHash":"40da1c57f76f5af5b7235f3c055ef4d598ec4521908af1dba32a55c868301c34"},"/Users/andela/Documents/GitHub/bootcamp-project/rest-api/validation/index.js":{"path":"/Users/andela/Documents/GitHub/bootcamp-project/rest-api/validation/index.js","statementMap":{"0":{"start":{"line":3,"column":0},"end":{"line":5,"column":3}},"1":{"start":{"line":6,"column":0},"end":{"line":6,"column":54}},"2":{"start":{"line":8,"column":11},"end":{"line":8,"column":49}},"3":{"start":{"line":10,"column":39},"end":{"line":10,"column":95}},"4":{"start":{"line":12,"column":16},"end":{"line":59,"column":1}},"5":{"start":{"line":13,"column":15},"end":{"line":13,"column":20}},"6":{"start":{"line":14,"column":16},"end":{"line":17,"column":3}},"7":{"start":{"line":19,"column":2},"end":{"line":56,"column":3}},"8":{"start":{"line":22,"column":8},"end":{"line":25,"column":10}},"9":{"start":{"line":26,"column":8},"end":{"line":26,"column":14}},"10":{"start":{"line":31,"column":8},"end":{"line":38,"column":10}},"11":{"start":{"line":39,"column":8},"end":{"line":39,"column":14}},"12":{"start":{"line":44,"column":8},"end":{"line":48,"column":10}},"13":{"start":{"line":49,"column":8},"end":{"line":49,"column":14}},"14":{"start":{"line":54,"column":8},"end":{"line":54,"column":23}},"15":{"start":{"line":58,"column":2},"end":{"line":58,"column":57}},"16":{"start":{"line":61,"column":0},"end":{"line":61,"column":30}},"17":{"start":{"line":63,"column":23},"end":{"line":71,"column":1}},"18":{"start":{"line":64,"column":21},"end":{"line":66,"column":4}},"19":{"start":{"line":65,"column":4},"end":{"line":65,"column":21}},"20":{"start":{"line":67,"column":2},"end":{"line":70,"column":5}},"21":{"start":{"line":73,"column":0},"end":{"line":73,"column":44}}},"fnMap":{"0":{"name":"_interopRequireDefault","decl":{"start":{"line":10,"column":9},"end":{"line":10,"column":31}},"loc":{"start":{"line":10,"column":37},"end":{"line":10,"column":97}},"line":10},"1":{"name":"validator","decl":{"start":{"line":12,"column":25},"end":{"line":12,"column":34}},"loc":{"start":{"line":12,"column":53},"end":{"line":59,"column":1}},"line":12},"2":{"name":"validationErrors","decl":{"start":{"line":63,"column":32},"end":{"line":63,"column":48}},"loc":{"start":{"line":63,"column":61},"end":{"line":71,"column":1}},"line":63},"3":{"name":"(anonymous_3)","decl":{"start":{"line":64,"column":39},"end":{"line":64,"column":40}},"loc":{"start":{"line":64,"column":52},"end":{"line":66,"column":3}},"line":64}},"branchMap":{"0":{"loc":{"start":{"line":10,"column":46},"end":{"line":10,"column":94}},"type":"cond-expr","locations":[{"start":{"line":10,"column":70},"end":{"line":10,"column":73}},{"start":{"line":10,"column":76},"end":{"line":10,"column":94}}],"line":10},"1":{"loc":{"start":{"line":10,"column":46},"end":{"line":10,"column":67}},"type":"binary-expr","locations":[{"start":{"line":10,"column":46},"end":{"line":10,"column":49}},{"start":{"line":10,"column":53},"end":{"line":10,"column":67}}],"line":10},"2":{"loc":{"start":{"line":19,"column":2},"end":{"line":56,"column":3}},"type":"switch","locations":[{"start":{"line":20,"column":4},"end":{"line":27,"column":7}},{"start":{"line":29,"column":4},"end":{"line":40,"column":7}},{"start":{"line":42,"column":4},"end":{"line":50,"column":7}},{"start":{"line":52,"column":4},"end":{"line":55,"column":7}}],"line":19}},"s":{"0":1,"1":1,"2":1,"3":1,"4":1,"5":0,"6":0,"7":0,"8":0,"9":0,"10":0,"11":0,"12":0,"13":0,"14":0,"15":0,"16":1,"17":1,"18":0,"19":0,"20":0,"21":1},"f":{"0":1,"1":0,"2":0,"3":0},"b":{"0":[0,1],"1":[1,1],"2":[0,0,0,0]},"inputSourceMap":{"version":3,"sources":["index.js"],"names":["validator","identifier","data","schema","options","allowUnknown","abortEarly","title","Joi","string","trim","min","max","required","content","name","email","minDomainAtoms","phone","number","message","username","password","validate","validationErrors","res","error","errorMessage","details","map","d","status","send"],"mappings":";;;;;;;AAAA;;;;AAEA,IAAMA,SAAS,GAAG,SAAZA,SAAY,CAACC,UAAD,EAAaC,IAAb,EAAsB;AACpC,MAAIC,MAAM,GAAG,KAAb;AACA,MAAMC,OAAO,GAAG;AACZC,IAAAA,YAAY,EAAE,IADF;AAEZC,IAAAA,UAAU,EAAE;AAFA,GAAhB;;AAIA,UAAQL,UAAR;AACI,SAAK,SAAL;AAAgB;AACdE,QAAAA,MAAM,GAAG;AACLI,UAAAA,KAAK,EAAEC,gBAAIC,MAAJ,GAAaC,IAAb,GAAoBC,GAApB,CAAwB,CAAxB,EAA2BC,GAA3B,CAA+B,EAA/B,EAAmCC,QAAnC,EADF;AAELC,UAAAA,OAAO,EAAEN,gBAAIC,MAAJ,GAAaC,IAAb,GAAoBG,QAApB;AAFJ,SAAT;AAIA;AACD;;AACD,SAAK,SAAL;AAAgB;AACdV,QAAAA,MAAM,GAAG;AACPY,UAAAA,IAAI,EAAEP,gBAAIC,MAAJ,GAAaC,IAAb,GAAoBE,GAApB,CAAwB,EAAxB,EAA4BC,QAA5B,EADC;AAEPG,UAAAA,KAAK,EAAER,gBAAIC,MAAJ,GAAaC,IAAb,GAAoBM,KAApB,CAA0B;AAC/BC,YAAAA,cAAc,EAAE;AADe,WAA1B,EAEJJ,QAFI,EAFA;AAKPK,UAAAA,KAAK,EAAEV,gBAAIW,MAAJ,EALA;AAMPC,UAAAA,OAAO,EAAEZ,gBAAIC,MAAJ,GAAaC,IAAb,GAAoBG,QAApB;AANF,SAAT;AAQA;AACD;;AACD,SAAK,MAAL;AAAa;AACXV,QAAAA,MAAM,GAAG;AACPY,UAAAA,IAAI,EAAEP,gBAAIC,MAAJ,GAAaC,IAAb,GAAoBC,GAApB,CAAwB,CAAxB,EAA2BE,QAA3B,EADC;AAEPQ,UAAAA,QAAQ,EAAEb,gBAAIC,MAAJ,GAAaC,IAAb,GAAoBC,GAApB,CAAwB,CAAxB,EAA2BC,GAA3B,CAA+B,EAA/B,EAAmCC,QAAnC,EAFH;AAGPS,UAAAA,QAAQ,EAAEd,gBAAIC,MAAJ,GAAaC,IAAb,GAAoBC,GAApB,CAAwB,CAAxB,EAA2BE,QAA3B;AAHH,SAAT;AAKA;AACD;;AACD;AAAS;AACPV,QAAAA,MAAM,GAAG,KAAT;AACD;AA7BL;;AA+BA,SAAOK,gBAAIe,QAAJ,CAAarB,IAAb,EAAmBC,MAAnB,EAA2BC,OAA3B,CAAP;AACH,CAtCD;;;;AAwCA,IAAMoB,gBAAgB,GAAG,SAAnBA,gBAAmB,CAACC,GAAD,EAAMC,KAAN,EAAgB;AACvC,MAAMC,YAAY,GAAGD,KAAK,CAACE,OAAN,CAAcC,GAAd,CAAkB,UAAAC,CAAC;AAAA,WAAIA,CAAC,CAACV,OAAN;AAAA,GAAnB,CAArB;AACA,SAAOK,GAAG,CAACM,MAAJ,CAAW,GAAX,EAAgBC,IAAhB,CAAqB;AACxBD,IAAAA,MAAM,EAAE,GADgB;AAExBL,IAAAA,KAAK,EAAEC;AAFiB,GAArB,CAAP;AAID,CAND","sourceRoot":"/Users/andela/Documents/GitHub/bootcamp-project/rest-api/validation/","sourcesContent":["import Joi from 'joi'\n\nconst validator = (identifier, data) => {\n    let schema = false;\n    const options = {\n        allowUnknown: true,\n        abortEarly: false,\n    };\n    switch (identifier) {\n        case 'article': {\n          schema = {\n              title: Joi.string().trim().min(5).max(25).required(),\n              content: Joi.string().trim().required()\n          };\n          break;\n        }\n        case 'contact': {\n          schema = {\n            name: Joi.string().trim().max(25).required(),\n            email: Joi.string().trim().email({\n              minDomainAtoms: 2\n            }).required(),\n            phone: Joi.number(),\n            message: Joi.string().trim().required()\n          };\n          break;\n        }\n        case 'user': {\n          schema = {\n            name: Joi.string().trim().min(3).required(),\n            username: Joi.string().trim().min(3).max(15).required(),\n            password: Joi.string().trim().min(8).required()\n          };\n          break;\n        }\n        default: {\n          schema = false;\n        }\n    }\n    return Joi.validate(data, schema, options);\n};\n\nconst validationErrors = (res, error) => {\n  const errorMessage = error.details.map(d => d.message);\n  return res.status(400).send({\n      status: 400,\n      error: errorMessage,\n  });\n};\n\n\nexport {\n  validator,\n  validationErrors\n}\n"]},"_coverageSchema":"1a1c01bbd47fc00a2c39e90264f33305004495a9","hash":"6d7eee126df8dce1fbd2a286e74b7618393b697c","contentHash":"0f1eb3648c9e240e4e949de962a2d748e91fe9038273d78a6108c4391f20e6ec"},"/Users/andela/Documents/GitHub/bootcamp-project/rest-api/routes/contact.js":{"path":"/Users/andela/Documents/GitHub/bootcamp-project/rest-api/routes/contact.js","statementMap":{"0":{"start":{"line":3,"column":0},"end":{"line":5,"column":3}},"1":{"start":{"line":6,"column":0},"end":{"line":6,"column":28}},"2":{"start":{"line":8,"column":15},"end":{"line":8,"column":57}},"3":{"start":{"line":10,"column":15},"end":{"line":10,"column":48}},"4":{"start":{"line":12,"column":39},"end":{"line":12,"column":95}},"5":{"start":{"line":14,"column":13},"end":{"line":14,"column":41}},"6":{"start":{"line":17,"column":0},"end":{"line":17,"column":40}},"7":{"start":{"line":19,"column":0},"end":{"line":19,"column":41}},"8":{"start":{"line":20,"column":15},"end":{"line":20,"column":21}},"9":{"start":{"line":21,"column":0},"end":{"line":21,"column":30}}},"fnMap":{"0":{"name":"_interopRequireDefault","decl":{"start":{"line":12,"column":9},"end":{"line":12,"column":31}},"loc":{"start":{"line":12,"column":37},"end":{"line":12,"column":97}},"line":12}},"branchMap":{"0":{"loc":{"start":{"line":12,"column":46},"end":{"line":12,"column":94}},"type":"cond-expr","locations":[{"start":{"line":12,"column":70},"end":{"line":12,"column":73}},{"start":{"line":12,"column":76},"end":{"line":12,"column":94}}],"line":12},"1":{"loc":{"start":{"line":12,"column":46},"end":{"line":12,"column":67}},"type":"binary-expr","locations":[{"start":{"line":12,"column":46},"end":{"line":12,"column":49}},{"start":{"line":12,"column":53},"end":{"line":12,"column":67}}],"line":12}},"s":{"0":1,"1":1,"2":1,"3":1,"4":1,"5":1,"6":1,"7":1,"8":1,"9":1},"f":{"0":1},"b":{"0":[0,1],"1":[1,1]},"inputSourceMap":{"version":3,"sources":["contact.js"],"names":["router","express","Router","get","getAllContact","post","addNewContact"],"mappings":";;;;;;;AAAA;;AAGA;;;;AAIA,IAAMA,MAAM,GAAGC,oBAAQC,MAAR,EAAf,C,CAEA;;;AACAF,MAAM,CAACG,GAAP,CAAW,GAAX,EAAgBC,sBAAhB,E,CAEA;;AACAJ,MAAM,CAACK,IAAP,CAAY,GAAZ,EAAiBC,sBAAjB;eAEeN,M","sourceRoot":"/Users/andela/Documents/GitHub/bootcamp-project/rest-api/routes/","sourcesContent":["import express from \"express\";\n\n\nimport{\n    getAllContact,\n    addNewContact\n} from \"../controllers/contact\"\nconst router = express.Router()\n\n// Get all contact\nrouter.get(\"/\", getAllContact)\n\n// Add new contact\nrouter.post(\"/\", addNewContact)\n\nexport default router\n"]},"_coverageSchema":"1a1c01bbd47fc00a2c39e90264f33305004495a9","hash":"42c4563e2cce02dee4b0f7cff40c212cd9c163f5","contentHash":"f760415024177485fd09d8205b0cc892c92ae188d5936d318eca65c22aceadce"},"/Users/andela/Documents/GitHub/bootcamp-project/rest-api/controllers/contact.js":{"path":"/Users/andela/Documents/GitHub/bootcamp-project/rest-api/controllers/contact.js","statementMap":{"0":{"start":{"line":3,"column":0},"end":{"line":5,"column":3}},"1":{"start":{"line":6,"column":0},"end":{"line":6,"column":55}},"2":{"start":{"line":8,"column":15},"end":{"line":8,"column":67}},"3":{"start":{"line":10,"column":18},"end":{"line":10,"column":42}},"4":{"start":{"line":12,"column":39},"end":{"line":12,"column":95}},"5":{"start":{"line":14,"column":77},"end":{"line":14,"column":175}},"6":{"start":{"line":14,"column":94},"end":{"line":14,"column":107}},"7":{"start":{"line":14,"column":121},"end":{"line":14,"column":131}},"8":{"start":{"line":14,"column":151},"end":{"line":14,"column":165}},"9":{"start":{"line":14,"column":166},"end":{"line":14,"column":173}},"10":{"start":{"line":14,"column":176},"end":{"line":14,"column":263}},"11":{"start":{"line":14,"column":193},"end":{"line":14,"column":208}},"12":{"start":{"line":14,"column":218},"end":{"line":14,"column":261}},"13":{"start":{"line":16,"column":33},"end":{"line":16,"column":387}},"14":{"start":{"line":16,"column":65},"end":{"line":16,"column":69}},"15":{"start":{"line":16,"column":78},"end":{"line":16,"column":87}},"16":{"start":{"line":16,"column":89},"end":{"line":16,"column":384}},"17":{"start":{"line":16,"column":147},"end":{"line":16,"column":167}},"18":{"start":{"line":16,"column":193},"end":{"line":16,"column":264}},"19":{"start":{"line":16,"column":290},"end":{"line":16,"column":360}},"20":{"start":{"line":16,"column":363},"end":{"line":16,"column":380}},"21":{"start":{"line":18,"column":33},"end":{"line":54,"column":3}},"22":{"start":{"line":19,"column":13},"end":{"line":49,"column":5}},"23":{"start":{"line":21,"column":4},"end":{"line":48,"column":32}},"24":{"start":{"line":22,"column":6},"end":{"line":47,"column":7}},"25":{"start":{"line":23,"column":8},"end":{"line":46,"column":9}},"26":{"start":{"line":25,"column":12},"end":{"line":25,"column":30}},"27":{"start":{"line":26,"column":12},"end":{"line":26,"column":30}},"28":{"start":{"line":27,"column":12},"end":{"line":27,"column":46}},"29":{"start":{"line":30,"column":12},"end":{"line":30,"column":36}},"30":{"start":{"line":31,"column":12},"end":{"line":31,"column":42}},"31":{"start":{"line":32,"column":12},"end":{"line":32,"column":31}},"32":{"start":{"line":33,"column":12},"end":{"line":33,"column":18}},"33":{"start":{"line":36,"column":12},"end":{"line":36,"column":30}},"34":{"start":{"line":37,"column":12},"end":{"line":37,"column":47}},"35":{"start":{"line":38,"column":12},"end":{"line":38,"column":28}},"36":{"start":{"line":39,"column":12},"end":{"line":41,"column":15}},"37":{"start":{"line":45,"column":12},"end":{"line":45,"column":35}},"38":{"start":{"line":51,"column":2},"end":{"line":53,"column":4}},"39":{"start":{"line":52,"column":4},"end":{"line":52,"column":39}},"40":{"start":{"line":56,"column":0},"end":{"line":56,"column":38}},"41":{"start":{"line":58,"column":33},"end":{"line":103,"column":3}},"42":{"start":{"line":59,"column":14},"end":{"line":98,"column":5}},"43":{"start":{"line":61,"column":4},"end":{"line":97,"column":33}},"44":{"start":{"line":62,"column":6},"end":{"line":96,"column":7}},"45":{"start":{"line":63,"column":8},"end":{"line":95,"column":9}},"46":{"start":{"line":65,"column":12},"end":{"line":65,"column":31}},"47":{"start":{"line":70,"column":12},"end":{"line":75,"column":15}},"48":{"start":{"line":76,"column":12},"end":{"line":76,"column":31}},"49":{"start":{"line":77,"column":12},"end":{"line":77,"column":34}},"50":{"start":{"line":80,"column":12},"end":{"line":80,"column":42}},"51":{"start":{"line":81,"column":12},"end":{"line":81,"column":32}},"52":{"start":{"line":82,"column":12},"end":{"line":82,"column":18}},"53":{"start":{"line":85,"column":12},"end":{"line":85,"column":31}},"54":{"start":{"line":86,"column":12},"end":{"line":86,"column":49}},"55":{"start":{"line":87,"column":12},"end":{"line":87,"column":28}},"56":{"start":{"line":88,"column":12},"end":{"line":90,"column":15}},"57":{"start":{"line":94,"column":12},"end":{"line":94,"column":36}},"58":{"start":{"line":100,"column":2},"end":{"line":102,"column":4}},"59":{"start":{"line":101,"column":4},"end":{"line":101,"column":40}},"60":{"start":{"line":105,"column":0},"end":{"line":105,"column":38}}},"fnMap":{"0":{"name":"_interopRequireDefault","decl":{"start":{"line":12,"column":9},"end":{"line":12,"column":31}},"loc":{"start":{"line":12,"column":37},"end":{"line":12,"column":97}},"line":12},"1":{"name":"asyncGeneratorStep","decl":{"start":{"line":14,"column":9},"end":{"line":14,"column":27}},"loc":{"start":{"line":14,"column":75},"end":{"line":14,"column":265}},"line":14},"2":{"name":"_asyncToGenerator","decl":{"start":{"line":16,"column":9},"end":{"line":16,"column":26}},"loc":{"start":{"line":16,"column":31},"end":{"line":16,"column":389}},"line":16},"3":{"name":"(anonymous_3)","decl":{"start":{"line":16,"column":40},"end":{"line":16,"column":41}},"loc":{"start":{"line":16,"column":52},"end":{"line":16,"column":386}},"line":16},"4":{"name":"(anonymous_4)","decl":{"start":{"line":16,"column":108},"end":{"line":16,"column":109}},"loc":{"start":{"line":16,"column":135},"end":{"line":16,"column":382}},"line":16},"5":{"name":"_next","decl":{"start":{"line":16,"column":178},"end":{"line":16,"column":183}},"loc":{"start":{"line":16,"column":191},"end":{"line":16,"column":266}},"line":16},"6":{"name":"_throw","decl":{"start":{"line":16,"column":276},"end":{"line":16,"column":282}},"loc":{"start":{"line":16,"column":288},"end":{"line":16,"column":362}},"line":16},"7":{"name":"(anonymous_7)","decl":{"start":{"line":18,"column":33},"end":{"line":18,"column":34}},"loc":{"start":{"line":18,"column":45},"end":{"line":54,"column":1}},"line":18},"8":{"name":"_callee","decl":{"start":{"line":19,"column":78},"end":{"line":19,"column":85}},"loc":{"start":{"line":19,"column":96},"end":{"line":49,"column":3}},"line":19},"9":{"name":"_callee$","decl":{"start":{"line":21,"column":44},"end":{"line":21,"column":52}},"loc":{"start":{"line":21,"column":63},"end":{"line":48,"column":5}},"line":21},"10":{"name":"getAllContact","decl":{"start":{"line":51,"column":18},"end":{"line":51,"column":31}},"loc":{"start":{"line":51,"column":41},"end":{"line":53,"column":3}},"line":51},"11":{"name":"(anonymous_11)","decl":{"start":{"line":58,"column":33},"end":{"line":58,"column":34}},"loc":{"start":{"line":58,"column":45},"end":{"line":103,"column":1}},"line":58},"12":{"name":"_callee2","decl":{"start":{"line":59,"column":79},"end":{"line":59,"column":87}},"loc":{"start":{"line":59,"column":98},"end":{"line":98,"column":3}},"line":59},"13":{"name":"_callee2$","decl":{"start":{"line":61,"column":44},"end":{"line":61,"column":53}},"loc":{"start":{"line":61,"column":65},"end":{"line":97,"column":5}},"line":61},"14":{"name":"addNewContact","decl":{"start":{"line":100,"column":18},"end":{"line":100,"column":31}},"loc":{"start":{"line":100,"column":42},"end":{"line":102,"column":3}},"line":100}},"branchMap":{"0":{"loc":{"start":{"line":12,"column":46},"end":{"line":12,"column":94}},"type":"cond-expr","locations":[{"start":{"line":12,"column":70},"end":{"line":12,"column":73}},{"start":{"line":12,"column":76},"end":{"line":12,"column":94}}],"line":12},"1":{"loc":{"start":{"line":12,"column":46},"end":{"line":12,"column":67}},"type":"binary-expr","locations":[{"start":{"line":12,"column":46},"end":{"line":12,"column":49}},{"start":{"line":12,"column":53},"end":{"line":12,"column":67}}],"line":12},"2":{"loc":{"start":{"line":14,"column":176},"end":{"line":14,"column":263}},"type":"if","locations":[{"start":{"line":14,"column":176},"end":{"line":14,"column":263}},{"start":{"line":14,"column":176},"end":{"line":14,"column":263}}],"line":14},"3":{"loc":{"start":{"line":23,"column":8},"end":{"line":46,"column":9}},"type":"switch","locations":[{"start":{"line":24,"column":10},"end":{"line":27,"column":46}},{"start":{"line":29,"column":10},"end":{"line":33,"column":18}},{"start":{"line":35,"column":10},"end":{"line":41,"column":15}},{"start":{"line":43,"column":10},"end":{"line":43,"column":18}},{"start":{"line":44,"column":10},"end":{"line":45,"column":35}}],"line":23},"4":{"loc":{"start":{"line":63,"column":8},"end":{"line":95,"column":9}},"type":"switch","locations":[{"start":{"line":64,"column":10},"end":{"line":77,"column":34}},{"start":{"line":79,"column":10},"end":{"line":82,"column":18}},{"start":{"line":84,"column":10},"end":{"line":90,"column":15}},{"start":{"line":92,"column":10},"end":{"line":92,"column":18}},{"start":{"line":93,"column":10},"end":{"line":94,"column":36}}],"line":63}},"s":{"0":1,"1":1,"2":1,"3":1,"4":1,"5":0,"6":0,"7":0,"8":0,"9":0,"10":0,"11":0,"12":0,"13":2,"14":0,"15":0,"16":0,"17":0,"18":0,"19":0,"20":0,"21":1,"22":1,"23":0,"24":0,"25":0,"26":0,"27":0,"28":0,"29":0,"30":0,"31":0,"32":0,"33":0,"34":0,"35":0,"36":0,"37":0,"38":1,"39":0,"40":1,"41":1,"42":1,"43":0,"44":0,"45":0,"46":0,"47":0,"48":0,"49":0,"50":0,"51":0,"52":0,"53":0,"54":0,"55":0,"56":0,"57":0,"58":1,"59":0,"60":1},"f":{"0":1,"1":0,"2":2,"3":0,"4":0,"5":0,"6":0,"7":1,"8":0,"9":0,"10":0,"11":1,"12":0,"13":0,"14":0},"b":{"0":[1,0],"1":[1,1],"2":[0,0],"3":[0,0,0,0,0],"4":[0,0,0,0,0]},"inputSourceMap":{"version":3,"sources":["contact.js"],"names":["getAllContact","req","res","contactModel","find","contact","status","send","error","addNewContact","name","body","email","phone","message","save"],"mappings":";;;;;;;AAAA;;AACA;;;;;;;;AAMA,IAAMA,aAAa;AAAA,qEAAG,iBAAOC,GAAP,EAAYC,GAAZ;AAAA;AAAA;AAAA;AAAA;AAAA;AAAA;AAAA;AAAA,mBAEQC,oBAAaC,IAAb,EAFR;;AAAA;AAERC,YAAAA,OAFQ;AAGdH,YAAAA,GAAG,CAACI,MAAJ,CAAW,GAAX,EAAgBC,IAAhB,CAAqBF,OAArB;AAHc;AAAA;;AAAA;AAAA;AAAA;AAKpBH,YAAAA,GAAG,CAACI,MAAJ,CAAW,GAAX;AACAJ,YAAAA,GAAG,CAACK,IAAJ,CAAS;AAAEC,cAAAA,KAAK;AAAP,aAAT;;AANoB;AAAA;AAAA;AAAA;AAAA;AAAA;AAAA,GAAH;;AAAA,kBAAbR,aAAa;AAAA;AAAA;AAAA,GAAnB;;;;AAUA,IAAMS,aAAa;AAAA,sEAAG,kBAAOR,GAAP,EAAYC,GAAZ;AAAA;AAAA;AAAA;AAAA;AAAA;AAAA;AAEd;AAC
[...]
":{"start":{"line":71,"column":12},"end":{"line":71,"column":31}},"48":{"start":{"line":72,"column":12},"end":{"line":72,"column":31}},"49":{"start":{"line":73,"column":12},"end":{"line":76,"column":15}},"50":{"start":{"line":79,"column":12},"end":{"line":79,"column":34}},"51":{"start":{"line":81,"column":12},"end":{"line":84,"column":13}},"52":{"start":{"line":82,"column":14},"end":{"line":82,"column":33}},"53":{"start":{"line":83,"column":14},"end":{"line":83,"column":20}},"54":{"start":{"line":86,"column":12},"end":{"line":88,"column":16}},"55":{"start":{"line":91,"column":12},"end":{"line":94,"column":14}},"56":{"start":{"line":95,"column":12},"end":{"line":95,"column":31}},"57":{"start":{"line":96,"column":12},"end":{"line":96,"column":55}},"58":{"start":{"line":99,"column":12},"end":{"line":99,"column":35}},"59":{"start":{"line":100,"column":12},"end":{"line":102,"column":15}},"60":{"start":{"line":103,"column":12},"end":{"line":103,"column":32}},"61":{"start":{"line":104,"column":12},"end":{"line":104,"column":18}},"62":{"start":{"line":107,"column":12},"end":{"line":107,"column":32}},"63":{"start":{"line":108,"column":12},"end":{"line":108,"column":49}},"64":{"start":{"line":109,"column":12},"end":{"line":109,"column":28}},"65":{"start":{"line":110,"column":12},"end":{"line":112,"column":15}},"66":{"start":{"line":116,"column":12},"end":{"line":116,"column":36}},"67":{"start":{"line":122,"column":2},"end":{"line":124,"column":4}},"68":{"start":{"line":123,"column":4},"end":{"line":123,"column":40}},"69":{"start":{"line":127,"column":0},"end":{"line":127,"column":30}}},"fnMap":{"0":{"name":"_interopRequireDefault","decl":{"start":{"line":14,"column":9},"end":{"line":14,"column":31}},"loc":{"start":{"line":14,"column":37},"end":{"line":14,"column":97}},"line":14},"1":{"name":"asyncGeneratorStep","decl":{"start":{"line":16,"column":9},"end":{"line":16,"column":27}},"loc":{"start":{"line":16,"column":75},"end":{"line":16,"column":265}},"line":16},"2":{"name":"_asyncToGenerator","decl":{"start":{"line":18,"column":9},"end":{"line":18,"column":26}},"loc":{"start":{"line":18,"column":31},"end":{"line":18,"column":389}},"line":18},"3":{"name":"(anonymous_3)","decl":{"start":{"line":18,"column":40},"end":{"line":18,"column":41}},"loc":{"start":{"line":18,"column":52},"end":{"line":18,"column":386}},"line":18},"4":{"name":"(anonymous_4)","decl":{"start":{"line":18,"column":108},"end":{"line":18,"column":109}},"loc":{"start":{"line":18,"column":135},"end":{"line":18,"column":382}},"line":18},"5":{"name":"_next","decl":{"start":{"line":18,"column":178},"end":{"line":18,"column":183}},"loc":{"start":{"line":18,"column":191},"end":{"line":18,"column":266}},"line":18},"6":{"name":"_throw","decl":{"start":{"line":18,"column":276},"end":{"line":18,"column":282}},"loc":{"start":{"line":18,"column":288},"end":{"line":18,"column":362}},"line":18},"7":{"name":"(anonymous_7)","decl":{"start":{"line":20,"column":30},"end":{"line":20,"column":31}},"loc":{"start":{"line":20,"column":42},"end":{"line":60,"column":1}},"line":20},"8":{"name":"_callee","decl":{"start":{"line":21,"column":78},"end":{"line":21,"column":85}},"loc":{"start":{"line":21,"column":96},"end":{"line":55,"column":3}},"line":21},"9":{"name":"_callee$","decl":{"start":{"line":23,"column":44},"end":{"line":23,"column":52}},"loc":{"start":{"line":23,"column":63},"end":{"line":54,"column":5}},"line":23},"10":{"name":"addNewUser","decl":{"start":{"line":57,"column":18},"end":{"line":57,"column":28}},"loc":{"start":{"line":57,"column":38},"end":{"line":59,"column":3}},"line":57},"11":{"name":"(anonymous_11)","decl":{"start":{"line":64,"column":29},"end":{"line":64,"column":30}},"loc":{"start":{"line":64,"column":41},"end":{"line":125,"column":1}},"line":64},"12":{"name":"_callee2","decl":{"start":{"line":65,"column":79},"end":{"line":65,"column":87}},"loc":{"start":{"line":65,"column":98},"end":{"line":120,"column":3}},"line":65},"13":{"name":"_callee2$","decl":{"start":{"line":67,"column":44},"end":{"line":67,"column":53}},"loc":{"start":{"line":67,"column":65},"end":{"line":119,"column":5}},"line":67},"14":{"name":"loginUser","decl":{"start":{"line":122,"column":18},"end":{"line":122,"column":27}},"loc":{"start":{"line":122,"column":38},"end":{"line":124,"column":3}},"line":122}},"branchMap":{"0":{"loc":{"start":{"line":14,"column":46},"end":{"line":14,"column":94}},"type":"cond-expr","locations":[{"start":{"line":14,"column":70},"end":{"line":14,"column":73}},{"start":{"line":14,"column":76},"end":{"line":14,"column":94}}],"line":14},"1":{"loc":{"start":{"line":14,"column":46},"end":{"line":14,"column":67}},"type":"binary-expr","locations":[{"start":{"line":14,"column":46},"end":{"line":14,"column":49}},{"start":{"line":14,"column":53},"end":{"line":14,"column":67}}],"line":14},"2":{"loc":{"start":{"line":16,"column":176},"end":{"line":16,"column":263}},"type":"if","locations":[{"start":{"line":16,"column":176},"end":{"line":16,"column":263}},{"start":{"line":16,"column":176},"end":{"line":16,"column":263}}],"line":16},"3":{"loc":{"start":{"line":25,"column":8},"end":{"line":52,"column":9}},"type":"switch","locations":[{"start":{"line":26,"column":10},"end":{"line":34,"column":31}},{"start":{"line":36,"column":10},"end":{"line":41,"column":18}},{"start":{"line":43,"column":10},"end":{"line":47,"column":37}},{"start":{"line":49,"column":10},"end":{"line":49,"column":18}},{"start":{"line":50,"column":10},"end":{"line":51,"column":35}}],"line":25},"4":{"loc":{"start":{"line":69,"column":8},"end":{"line":117,"column":9}},"type":"switch","locations":[{"start":{"line":70,"column":10},"end":{"line":76,"column":15}},{"start":{"line":78,"column":10},"end":{"line":88,"column":16}},{"start":{"line":90,"column":10},"end":{"line":96,"column":55}},{"start":{"line":98,"column":10},"end":{"line":104,"column":18}},{"start":{"line":106,"column":10},"end":{"line":112,"column":15}},{"start":{"line":114,"column":10},"end":{"line":114,"column":18}},{"start":{"line":115,"column":10},"end":{"line":116,"column":36}}],"line":69},"5":{"loc":{"start":{"line":81,"column":12},"end":{"line":84,"column":13}},"type":"if","locations":[{"start":{"line":81,"column":12},"end":{"line":84,"column":13}},{"start":{"line":81,"column":12},"end":{"line":84,"column":13}}],"line":81}},"s":{"0":1,"1":1,"2":1,"3":1,"4":1,"5":1,"6":0,"7":0,"8":0,"9":0,"10":0,"11":0,"12":0,"13":0,"14":2,"15":0,"16":0,"17":0,"18":0,"19":0,"20":0,"21":0,"22":1,"23":1,"24":0,"25":0,"26":0,"27":0,"28":0,"29":0,"30":0,"31":0,"32":0,"33":0,"34":0,"35":0,"36":0,"37":0,"38":0,"39":1,"40":0,"41":1,"42":1,"43":1,"44":0,"45":0,"46":0,"47":0,"48":0,"49":0,"50":0,"51":0,"52":0,"53":0,"54":0,"55":0,"56":0,"57":0,"58":0,"59":0,"60":0,"61":0,"62":0,"63":0,"64":0,"65":0,"66":0,"67":1,"68":0,"69":1},"f":{"0":1,"1":0,"2":2,"3":0,"4":0,"5":0,"6":0,"7":1,"8":0,"9":0,"10":0,"11":1,"12":0,"13":0,"14":0},"b":{"0":[1,0],"1":[1,1],"2":[0,0],"3":[0,0,0,0,0],"4":[0,0,0,0,0,0,0],"5":[0,0]},"inputSourceMap":{"version":3,"sources":["user.js"],"names":["addNewUser","req","res","user","userModel","name","body","email","password","save","status","send","console","log","loginUser","findOne","message","userinfo","id","_id","token","error"],"mappings":";;;;;;;AAAA;;AACA;;AACA;;;;;;;;AAMA,IAAMA,UAAU;AAAA,qEAAG,iBAAOC,GAAP,EAAYC,GAAZ;AAAA;AAAA;AAAA;AAAA;AAAA;AAAA;AAEXC,YAAAA,IAFW,GAEJ,IAAIC,gBAAJ,CAAc;AAC1BC,cAAAA,IAAI,EAAEJ,GAAG,CAACK,IAAJ,CAASD,IADW;AAE1BE,cAAAA,KAAK,EAAEN,GAAG,CAACK,IAAJ,CAASC,KAFU;AAG1BC,cAAAA,QAAQ,EAAEP,GAAG,CAACK,IAAJ,CAASE;AAHO,aAAd,CAFI;AAAA;AAAA,mBAOXL,IAAI,CAACM,IAAL,EAPW;;AAAA;AAQjBP,YAAAA,GAAG,CAACQ,MAAJ,CAAW,GAAX,EAAgBC,IAAhB,CAAqB;AAACR,cAAAA,IAAI,EAAJA;AAAD,aAArB;AARiB;AAAA;;AAAA;AAAA;AAAA;AAWjBD,YAAAA,GAAG,CAACQ,MAAJ,CAAW,GAAX;AACAE,YAAAA,OAAO,CAACC,GAAR,cAZiB,CAajB;;AAbiB;AAAA;AAAA;AAAA;AAAA;AAAA;AAAA,GAAH;;AAAA,kBAAVb,UAAU;AAAA;AAAA;AAAA,GAAhB;;;;AAiBA,IAAMc,SAAS;AAAA,sEAAG,kBAAMb,GAAN,EAAWC,GAAX;AAAA;AAAA;AAAA;AAAA;AAAA;AAAA;AAAA;AAAA,mBAEGE,iBAAUW,OAAV,CAAkB;AAAER,cAAAA,KAAK,EAAEN,GAAG,CAACK,IAAJ,CAASC,KAAlB;AAAyBC,cAAAA,QAAQ,EAAEP,GAAG,CAACK,IAAJ,CAASE;AAA5C,aAAlB,CAFH;;AAAA;AAEVL,YAAAA,IAFU;;AAAA,gBAGXA,IAHW;AAAA;AAAA;AAAA;;AAAA,8CAGED,GAAG,CAACQ,MAAJ,CAAW,GAAX,EAAgBC,IAAhB,CAAqB;AAAEK,cAAAA,OAAO,EAAE;AAAX,aAArB,CAHF;;AAAA;AAIVC,YAAAA,QAJU,GAIC;AAChBC,cAAAA,EAAE,EAAEf,IAAI,CAACgB,GADO;AAEhBd,cAAAA,IAAI,EAAEF,IAAI,CAACE;AAFK,aAJD;AAAA;AAAA,mBAQI,0BAAcY,QAAd,CARJ;;AAAA;AAQVG,YAAAA,KARU;AAShBlB,YAAAA,GAAG,CAACQ,MAAJ,CAAW,GAAX,EAAgBC,IAAhB,CAAqB;AAACS,cAAAA,KAAK,EAALA;AAAD,aAArB;AATgB;AAAA;;AAAA;AAAA;AAAA;AAWhBlB,YAAAA,GAAG,CAACQ,MAAJ,CAAW,GAAX;AACAR,YAAAA,GAAG,CAACS,IAAJ,CAAS;AAAEU,cAAAA,KAAK,EAAE;AAAT,aAAT;;AAZgB;AAAA;AAAA;AAAA;AAAA;AAAA;AAAA,GAAH;;AAAA,kBAATP,SAAS;AAAA;AAAA;AAAA,GAAf","sourceRoot":"/Users/andela/Documents/GitHub/bootcamp-project/rest-api/controllers/","sourcesContent":["import userModel from \"../models/user\";\nimport { generateToken } from \"../helpers/token\";\nimport {\n\tvalidator,\n\tvalidationErrors\n} from \"../validation\";\n\n\nconst addNewUser = async (req, res) => {\n\ttry {\n\t\tconst user = new userModel({\n\t\t\tname: req.body.name,\n\t\t\temail: req.body.email,\n\t\t\tpassword: req.body.password\n\t\t})\n\t\tawait user.save()\n\t\tres.status(201).send({user})\n\t}\n\tcatch (error) {\n\t\tres.status(500)\n\t\tconsole.log( error )\n\t\t// res.send({ error })\n\t}\n};\n\nconst loginUser = async(req, res) => {\n\ttry {\n\t\tconst user = await userModel.findOne({ email: req.body.email, password: req.body.password })\n\t\tif (!user) return res.status(404).send({ message: \"Invalid username or password\" })\n\t\tconst userinfo = {\n\t\t\tid: user._id,\n\t\t\tname: user.name\n\t\t};\n\t\tconst token = await generateToken(userinfo);\n\t\tres.status(200).send({token})\n\t} catch(error) {\n\t\tres.status(404)\n\t\tres.send({ error: \"user doesn't exist!\" })\n\t}\n};\n\nexport {\n    addNewUser,\n    loginUser\n}\n"]},"_coverageSchema":"1a1c01bbd47fc00a2c39e90264f33305004495a9","hash":"753910a244b7df80568fc5a4d69dc55ec3739af4","contentHash":"9c679c1284cdb6d9f9960d5ba88195c047d11551005119cdbd404f51d7b6529c"},"/Users/andela/Documents/GitHub/bootcamp-project/rest-api/models/user.js":{"path":"/Users/andela/Documents/GitHub/bootcamp-project/rest-api/models/user.js","statementMap":{"0":{"start":{"line":3,"column":0},"end":{"line":5,"column":3}},"1":{"start":{"line":6,"column":0},"end":{"line":6,"column":28}},"2":{"start":{"line":8,"column":16},"end":{"line":8,"column":59}},"3":{"start":{"line":10,"column":39},"end":{"line":10,"column":95}},"4":{"start":{"line":12,"column":17},"end":{"line":25,"column":2}},"5":{"start":{"line":27,"column":16},"end":{"line":27,"column":62}},"6":{"start":{"line":29,"column":15},"end":{"line":29,"column":24}},"7":{"start":{"line":30,"column":0},"end":{"line":30,"column":30}}},"fnMap":{"0":{"name":"_interopRequireDefault","decl":{"start":{"line":10,"column":9},"end":{"line":10,"column":31}},"loc":{"start":{"line":10,"column":37},"end":{"line":10,"column":97}},"line":10}},"branchMap":{"0":{"loc":{"start":{"line":10,"column":46},"end":{"line":10,"column":94}},"type":"cond-expr","locations":[{"start":{"line":10,"column":70},"end":{"line":10,"column":73}},{"start":{"line":10,"column":76},"end":{"line":10,"column":94}}],"line":10},"1":{"loc":{"start":{"line":10,"column":46},"end":{"line":10,"column":67}},"type":"binary-expr","locations":[{"start":{"line":10,"column":46},"end":{"line":10,"column":49}},{"start":{"line":10,"column":53},"end":{"line":10,"column":67}}],"line":10}},"s":{"0":1,"1":1,"2":1,"3":1,"4":1,"5":1,"6":1,"7":1},"f":{"0":1},"b":{"0":[0,1],"1":[1,1]},"inputSourceMap":{"version":3,"sources":["user.js"],"names":["userSchema","mongoose","Schema","name","type","String","required","email","password","userModel","model"],"mappings":";;;;;;;AAAA;;;;AAEA,IAAMA,UAAU,GAAG,IAAIC,qBAASC,MAAb,CAAoB;AACrCC,EAAAA,IAAI,EAAE;AACJC,IAAAA,IAAI,EAAEC,MADF;AAEJC,IAAAA,QAAQ,EAAE;AAFN,GAD+B;AAKrCC,EAAAA,KAAK,EAAE;AACLH,IAAAA,IAAI,EAAEC,MADD;AAELC,IAAAA,QAAQ,EAAE;AAFL,GAL8B;AASrCE,EAAAA,QAAQ,EAAE;AACRJ,IAAAA,IAAI,EAAEC,MADE;AAERC,IAAAA,QAAQ,EAAE;AAFF;AAT2B,CAApB,CAAnB;;AAeA,IAAMG,SAAS,GAAGR,qBAASS,KAAT,CAAe,MAAf,EAAuBV,UAAvB,CAAlB;;eAEeS,S","sourceRoot":"/Users/andela/Documents/GitHub/bootcamp-project/rest-api/models/","sourcesContent":["import mongoose from \"mongoose\"\n\nconst userSchema = new mongoose.Schema({\n  name: {\n    type: String,\n    required: true,\n  },\n  email: {\n    type: String,\n    required: true,\n  },\n  password: {\n    type: String,\n    required: true, \n  }\n})\n\nconst userModel = mongoose.model(\"User\", userSchema)\n\nexport default userModel "]},"_coverageSchema":"1a1c01bbd47fc00a2c39e90264f33305004495a9","hash":"8688bc33b968631158886e3c34229da6abe7f517","contentHash":"5afc2425eccabc68c404b1064fac0bd8ff46d16ac237be4281ef43fd02196b02"},"/Users/andela/Documents/GitHub/bootcamp-project/rest-api/helpers/token.js":{"path":"/Users/andela/Documents/GitHub/bootcamp-project/rest-api/helpers/token.js","statementMap":{"0":{"start":{"line":3,"column":0},"end":{"line":5,"column":3}},"1":{"start":{"line":6,"column":0},"end":{"line":6,"column":31}},"2":{"start":{"line":8,"column":20},"end":{"line":8,"column":67}},"3":{"start":{"line":10,"column":14},"end":{"line":10,"column":55}},"4":{"start":{"line":12,"column":39},"end":{"line":12,"column":95}},"5":{"start":{"line":14,"column":77},"end":{"line":14,"column":175}},"6":{"start":{"line":14,"column":94},"end":{"line":14,"column":107}},"7":{"start":{"line":14,"column":121},"end":{"line":14,"column":131}},"8":{"start":{"line":14,"column":151},"end":{"line":14,"column":165}},"9":{"start":{"line":14,"column":166},"end":{"line":14,"column":173}},"10":{"start":{"line":14,"column":176},"end":{"line":14,"column":263}},"11":{"start":{"line":14,"column":193},"end":{"line":14,"column":208}},"12":{"start":{"line":14,"column":218},"end":{"line":14,"column":261}},"13":{"start":{"line":16,"column":33},"end":{"line":16,"column":387}},"14":{"start":{"line":16,"column":65},"end":{"line":16,"column":69}},"15":{"start":{"line":16,"column":78},"end":{"line":16,"column":87}},"16":{"start":{"line":16,"column":89},"end":{"line":16,"column":384}},"17":{"start":{"line":16,"column":147},"end":{"line":16,"column":167}},"18":{"start":{"line":16,"column":193},"end":{"line":16,"column":264}},"19":{"start":{"line":16,"column":290},"end":{"line":16,"column":360}},"20":{"start":{"line":16,"column":363},"end":{"line":16,"column":380}},"21":{"start":{"line":18,"column":0},"end":{"line":18,"column":28}},"22":{"start":{"line":20,"column":33},"end":{"line":47,"column":3}},"23":{"start":{"line":21,"column":13},"end":{"line":42,"column":5}},"24":{"start":{"line":23,"column":4},"end":{"line":41,"column":16}},"25":{"start":{"line":24,"column":6},"end":{"line":40,"column":7}},"26":{"start":{"line":25,"column":8},"end":{"line":39,"column":9}},"27":{"start":{"line":27,"column":12},"end":{"line":27,"column":30}},"28":{"start":{"line":28,"column":12},"end":{"line":30,"column":15}},"29":{"start":{"line":33,"column":12},"end":{"line":33,"column":39}},"30":{"start":{"line":34,"column":12},"end":{"line":34,"column":57}},"31":{"start":{"line":38,"column":12},"end":{"line":38,"column":35}},"32":{"start":{"line":44,"column":2},"end":{"line":46,"column":4}},"33":{"start":{"line":45,"column":4},"end":{"line":45,"column":39}},"34":{"start":{"line":49,"column":0},"end":{"line":49,"column":38}}},"fnMap":{"0":{"name":"_interopRequireDefault","decl":{"start":{"line":12,"column":9},"end":{"line":12,"column":31}},"loc":{"start":{"line":12,"column":37},"end":{"line":12,"column":97}},"line":12},"1":{"name":"asyncGeneratorStep","decl":{"start":{"line":14,"column":9},"end":{"line":14,"column":27}},"loc":{"start":{"line":14,"column":75},"end":{"line":14,"column":265}},"line":14},"2":{"name":"_asyncToGenerator","decl":{"start":{"line":16,"column":9},"end":{"line":16,"column":26}},"loc":{"start":{"line":16,"column":31},"end":{"line":16,"column":389}},"line":16},"3":{"name":"(anonymous_3)","decl":{"start":{"line":16,"column":40},"end":{"line":16,"column":41}},"loc":{"start":{"line":16,"column":52},"end":{"line":16,"column":386}},"line":16},"4":{"name":"(anonymous_4)","decl":{"start":{"line":16,"column":108},"end":{"line":16,"column":109}},"loc":{"start":{"line":16,"column":135},"end":{"line":16,"column":382}},"line":16},"5":{"name":"_next","decl":{"start":{"line":16,"column":178},"end":{"line":16,"column":183}},"loc":{"start":{"line":16,"column":191},"end":{"line":16,"column":266}},"line":16},"6":{"name":"_throw","decl":{"start":{"line":16,"column":276},"end":{"line":16,"column":282}},"loc":{"start":{"line":16,"column":288},"end":{"line":16,"column":362}},"line":16},"7":{"name":"(anonymous_7)","decl":{"start":{"line":20,"column":33},"end":{"line":20,"column":34}},"loc":{"start":{"line":20,"column":45},"end":{"line":47,"column":1}},"line":20},"8":{"name":"_callee","decl":{"start":{"line":21,"column":78},"end":{"line":21,"column":85}},"loc":{"start":{"line":21,"column":96},"end":{"line":42,"column":3}},"line":21},"9":{"name":"_callee$","decl":{"start":{"line":23,"column":44},"end":{"line":23,"column":52}},"loc":{"start":{"line":23,"column":63},"end":{"line":41,"column":5}},"line":23},"10":{"name":"generateToken","decl":{"start":{"line":44,"column":18},"end":{"line":44,"column":31}},"loc":{"start":{"line":44,"column":36},"end":{"line":46,"column":3}},"line":44}},"branchMap":{"0":{"loc":{"start":{"line":12,"column":46},"end":{"line":12,"column":94}},"type":"cond-expr","locations":[{"start":{"line":12,"column":70},"end":{"line":12,"column":73}},{"start":{"line":12,"column":76},"end":{"line":12,"column":94}}],"line":12},"1":{"loc":{"start":{"line":12,"column":46},"end":{"line":12,"column":67}},"type":"binary-expr","locations":[{"start":{"line":12,"column":46},"end":{"line":12,"column":49}},{"start":{"line":12,"column":53},"end":{"line":12,"column":67}}],"line":12},"2":{"loc":{"start":{"line":14,"column":176},"end":{"line":14,"column":263}},"type":"if","locations":[{"start":{"line":14,"column":176},"end":{"line":14,"column":263}},{"start":{"line":14,"column":176},"end":{"line":14,"column":263}}],"line":14},"3":{"loc":{"start":{"line":25,"column":8},"end":{"line":39,"column":9}},"type":"switch","locations":[{"start":{"line":26,"column":10},"end":{"line":30,"column":15}},{"start":{"line":32,"column":10},"end":{"line":34,"column":57}},{"start":{"line":36,"column":10},"end":{"line":36,"column":17}},{"start":{"line":37,"column":10},"end":{"line":38,"column":35}}],"line":25}},"s":{"0":1,"1":1,"2":1,"3":1,"4":2,"5":0,"6":0,"7":0,"8":0,"9":0,"10":0,"11":0,"12":0,"13":1,"14":0,"15":0,"16":0,"17":0,"18":0,"19":0,"20":0,"21":1,"22":1,"23":1,"24":0,"25":0,"26":0,"27":0,"28":0,"29":0,"30":0,"31":0,"32":1,"33":0,"34":1},"f":{"0":2,"1":0,"2":1,"3":0,"4":0,"5":0,"6":0,"7":1,"8":0,"9":0,"10":0},"b":{"0":[0,2],"1":[2,2],"2":[0,0],"3":[0,0,0,0]},"inputSourceMap":{"version":3,"sources":["token.js"],"names":["ENV","config","generateToken","userinfo","jwt","sign","process","env","SECRET","expiresIn","Issuetoken"],"mappings":";;;;;;;AAAA;;AACA;;;;;;;;AAEAA,mBAAIC,MAAJ;;AAEA,IAAMC,aAAa;AAAA,qEAAG,iBAAOC,QAAP;AAAA;AAAA;AAAA;AAAA;AAAA;AAAA;AAAA,mBACOC,yBAAIC,IAAJ,CAASF,QAAT,EAAmBG,OAAO,CAACC,GAAR,CAAYC,MAA/B,EAAuC;AAAEC,cAAAA,SAAS,EAAE;AAAb,aAAvC,CADP;;AAAA;AACZC,YAAAA,UADY;AAAA,6CAEXA,UAFW;;AAAA;AAAA;AAAA;AAAA;AAAA;AAAA;AAAA,GAAH;;AAAA,kBAAbR,aAAa;AAAA;AAAA;AAAA,GAAnB","sourceRoot":"/Users/andela/Documents/GitHub/bootcamp-project/rest-api/helpers/","sourcesContent":["import jwt from \"jsonwebtoken\";\nimport ENV from \"dotenv\";\n\nENV.config();\n\nconst generateToken = async (userinfo) => {\n    const Issuetoken = await jwt.sign(userinfo, process.env.SECRET, { expiresIn: '1d' });\n    return Issuetoken;\n};\n\nexport {\n    generateToken\n}\n"]},"_coverageSchema":"1a1c01bbd47fc00a2c39e90264f33305004495a9","hash":"d6f94bc37bd1b5c7ac032467082168f387c1de73","contentHash":"8541de99fb7e2f7231c44011b229caa7c56616a6485836b78b153107bb67a0d4"}}